[2023-07-22T09:34:08.738+0000] {processor.py:157} INFO - Started process (PID=25113) to work on /opt/airflow/dags/udac_example_dag.py
[2023-07-22T09:34:08.740+0000] {processor.py:826} INFO - Processing file /opt/airflow/dags/udac_example_dag.py for tasks to queue
[2023-07-22T09:34:08.741+0000] {logging_mixin.py:150} INFO - [2023-07-22T09:34:08.740+0000] {dagbag.py:541} INFO - Filling up the DagBag from /opt/airflow/dags/udac_example_dag.py
[2023-07-22T09:34:09.158+0000] {processor.py:836} INFO - DAG(s) dict_keys(['udac_example_dag']) retrieved from /opt/airflow/dags/udac_example_dag.py
[2023-07-22T09:34:09.192+0000] {logging_mixin.py:150} INFO - [2023-07-22T09:34:09.192+0000] {dag.py:2742} INFO - Sync 1 DAGs
[2023-07-22T09:34:09.226+0000] {logging_mixin.py:150} INFO - [2023-07-22T09:34:09.226+0000] {dag.py:3508} INFO - Setting next_dagrun for udac_example_dag to 2023-07-22T09:00:00+00:00, run_after=2023-07-22T10:00:00+00:00
[2023-07-22T09:34:09.260+0000] {processor.py:179} INFO - Processing /opt/airflow/dags/udac_example_dag.py took 0.525 seconds
[2023-07-22T09:34:39.353+0000] {processor.py:157} INFO - Started process (PID=25181) to work on /opt/airflow/dags/udac_example_dag.py
[2023-07-22T09:34:39.355+0000] {processor.py:826} INFO - Processing file /opt/airflow/dags/udac_example_dag.py for tasks to queue
[2023-07-22T09:34:39.357+0000] {logging_mixin.py:150} INFO - [2023-07-22T09:34:39.356+0000] {dagbag.py:541} INFO - Filling up the DagBag from /opt/airflow/dags/udac_example_dag.py
[2023-07-22T09:34:39.701+0000] {processor.py:836} INFO - DAG(s) dict_keys(['udac_example_dag']) retrieved from /opt/airflow/dags/udac_example_dag.py
[2023-07-22T09:34:39.727+0000] {logging_mixin.py:150} INFO - [2023-07-22T09:34:39.727+0000] {dag.py:2742} INFO - Sync 1 DAGs
[2023-07-22T09:34:39.752+0000] {logging_mixin.py:150} INFO - [2023-07-22T09:34:39.752+0000] {dag.py:3508} INFO - Setting next_dagrun for udac_example_dag to 2023-07-22T09:00:00+00:00, run_after=2023-07-22T10:00:00+00:00
[2023-07-22T09:34:39.774+0000] {processor.py:179} INFO - Processing /opt/airflow/dags/udac_example_dag.py took 0.426 seconds
[2023-07-22T09:35:09.957+0000] {processor.py:157} INFO - Started process (PID=25244) to work on /opt/airflow/dags/udac_example_dag.py
[2023-07-22T09:35:09.959+0000] {processor.py:826} INFO - Processing file /opt/airflow/dags/udac_example_dag.py for tasks to queue
[2023-07-22T09:35:09.960+0000] {logging_mixin.py:150} INFO - [2023-07-22T09:35:09.959+0000] {dagbag.py:541} INFO - Filling up the DagBag from /opt/airflow/dags/udac_example_dag.py
[2023-07-22T09:35:10.261+0000] {processor.py:836} INFO - DAG(s) dict_keys(['udac_example_dag']) retrieved from /opt/airflow/dags/udac_example_dag.py
[2023-07-22T09:35:10.284+0000] {logging_mixin.py:150} INFO - [2023-07-22T09:35:10.284+0000] {dag.py:2742} INFO - Sync 1 DAGs
[2023-07-22T09:35:10.305+0000] {logging_mixin.py:150} INFO - [2023-07-22T09:35:10.305+0000] {dag.py:3508} INFO - Setting next_dagrun for udac_example_dag to 2023-07-22T09:00:00+00:00, run_after=2023-07-22T10:00:00+00:00
[2023-07-22T09:35:10.331+0000] {processor.py:179} INFO - Processing /opt/airflow/dags/udac_example_dag.py took 0.378 seconds
[2023-07-22T09:35:40.408+0000] {processor.py:157} INFO - Started process (PID=25310) to work on /opt/airflow/dags/udac_example_dag.py
[2023-07-22T09:35:40.410+0000] {processor.py:826} INFO - Processing file /opt/airflow/dags/udac_example_dag.py for tasks to queue
[2023-07-22T09:35:40.412+0000] {logging_mixin.py:150} INFO - [2023-07-22T09:35:40.411+0000] {dagbag.py:541} INFO - Filling up the DagBag from /opt/airflow/dags/udac_example_dag.py
[2023-07-22T09:35:40.909+0000] {processor.py:836} INFO - DAG(s) dict_keys(['udac_example_dag']) retrieved from /opt/airflow/dags/udac_example_dag.py
[2023-07-22T09:35:40.942+0000] {logging_mixin.py:150} INFO - [2023-07-22T09:35:40.942+0000] {dag.py:2742} INFO - Sync 1 DAGs
[2023-07-22T09:35:40.978+0000] {logging_mixin.py:150} INFO - [2023-07-22T09:35:40.978+0000] {dag.py:3508} INFO - Setting next_dagrun for udac_example_dag to 2023-07-22T09:00:00+00:00, run_after=2023-07-22T10:00:00+00:00
[2023-07-22T09:35:41.011+0000] {processor.py:179} INFO - Processing /opt/airflow/dags/udac_example_dag.py took 0.608 seconds
[2023-07-22T09:36:11.458+0000] {processor.py:157} INFO - Started process (PID=25377) to work on /opt/airflow/dags/udac_example_dag.py
[2023-07-22T09:36:11.459+0000] {processor.py:826} INFO - Processing file /opt/airflow/dags/udac_example_dag.py for tasks to queue
[2023-07-22T09:36:11.461+0000] {logging_mixin.py:150} INFO - [2023-07-22T09:36:11.461+0000] {dagbag.py:541} INFO - Filling up the DagBag from /opt/airflow/dags/udac_example_dag.py
[2023-07-22T09:36:12.017+0000] {processor.py:836} INFO - DAG(s) dict_keys(['udac_example_dag']) retrieved from /opt/airflow/dags/udac_example_dag.py
[2023-07-22T09:36:12.057+0000] {logging_mixin.py:150} INFO - [2023-07-22T09:36:12.057+0000] {dag.py:2742} INFO - Sync 1 DAGs
[2023-07-22T09:36:12.096+0000] {logging_mixin.py:150} INFO - [2023-07-22T09:36:12.096+0000] {dag.py:3508} INFO - Setting next_dagrun for udac_example_dag to 2023-07-22T09:00:00+00:00, run_after=2023-07-22T10:00:00+00:00
[2023-07-22T09:36:12.136+0000] {processor.py:179} INFO - Processing /opt/airflow/dags/udac_example_dag.py took 0.684 seconds
[2023-07-22T09:36:43.148+0000] {processor.py:157} INFO - Started process (PID=25445) to work on /opt/airflow/dags/udac_example_dag.py
[2023-07-22T09:36:43.149+0000] {processor.py:826} INFO - Processing file /opt/airflow/dags/udac_example_dag.py for tasks to queue
[2023-07-22T09:36:43.150+0000] {logging_mixin.py:150} INFO - [2023-07-22T09:36:43.150+0000] {dagbag.py:541} INFO - Filling up the DagBag from /opt/airflow/dags/udac_example_dag.py
[2023-07-22T09:36:43.496+0000] {processor.py:836} INFO - DAG(s) dict_keys(['udac_example_dag']) retrieved from /opt/airflow/dags/udac_example_dag.py
[2023-07-22T09:36:43.523+0000] {logging_mixin.py:150} INFO - [2023-07-22T09:36:43.522+0000] {dag.py:2742} INFO - Sync 1 DAGs
[2023-07-22T09:36:43.549+0000] {logging_mixin.py:150} INFO - [2023-07-22T09:36:43.549+0000] {dag.py:3508} INFO - Setting next_dagrun for udac_example_dag to 2023-07-22T09:00:00+00:00, run_after=2023-07-22T10:00:00+00:00
[2023-07-22T09:36:43.575+0000] {processor.py:179} INFO - Processing /opt/airflow/dags/udac_example_dag.py took 0.431 seconds
[2023-07-22T09:37:14.491+0000] {processor.py:157} INFO - Started process (PID=25513) to work on /opt/airflow/dags/udac_example_dag.py
[2023-07-22T09:37:14.492+0000] {processor.py:826} INFO - Processing file /opt/airflow/dags/udac_example_dag.py for tasks to queue
[2023-07-22T09:37:14.493+0000] {logging_mixin.py:150} INFO - [2023-07-22T09:37:14.493+0000] {dagbag.py:541} INFO - Filling up the DagBag from /opt/airflow/dags/udac_example_dag.py
[2023-07-22T09:37:14.988+0000] {processor.py:836} INFO - DAG(s) dict_keys(['udac_example_dag']) retrieved from /opt/airflow/dags/udac_example_dag.py
[2023-07-22T09:37:15.026+0000] {logging_mixin.py:150} INFO - [2023-07-22T09:37:15.026+0000] {dag.py:2742} INFO - Sync 1 DAGs
[2023-07-22T09:37:15.064+0000] {logging_mixin.py:150} INFO - [2023-07-22T09:37:15.064+0000] {dag.py:3508} INFO - Setting next_dagrun for udac_example_dag to 2023-07-22T09:00:00+00:00, run_after=2023-07-22T10:00:00+00:00
[2023-07-22T09:37:15.098+0000] {processor.py:179} INFO - Processing /opt/airflow/dags/udac_example_dag.py took 0.613 seconds
[2023-07-22T09:37:45.152+0000] {processor.py:157} INFO - Started process (PID=25581) to work on /opt/airflow/dags/udac_example_dag.py
[2023-07-22T09:37:45.154+0000] {processor.py:826} INFO - Processing file /opt/airflow/dags/udac_example_dag.py for tasks to queue
[2023-07-22T09:37:45.156+0000] {logging_mixin.py:150} INFO - [2023-07-22T09:37:45.156+0000] {dagbag.py:541} INFO - Filling up the DagBag from /opt/airflow/dags/udac_example_dag.py
[2023-07-22T09:37:45.700+0000] {processor.py:836} INFO - DAG(s) dict_keys(['udac_example_dag']) retrieved from /opt/airflow/dags/udac_example_dag.py
[2023-07-22T09:37:45.743+0000] {logging_mixin.py:150} INFO - [2023-07-22T09:37:45.742+0000] {dag.py:2742} INFO - Sync 1 DAGs
[2023-07-22T09:37:45.782+0000] {logging_mixin.py:150} INFO - [2023-07-22T09:37:45.782+0000] {dag.py:3508} INFO - Setting next_dagrun for udac_example_dag to 2023-07-22T09:00:00+00:00, run_after=2023-07-22T10:00:00+00:00
[2023-07-22T09:37:45.844+0000] {processor.py:179} INFO - Processing /opt/airflow/dags/udac_example_dag.py took 0.697 seconds
[2023-07-22T09:38:16.377+0000] {processor.py:157} INFO - Started process (PID=25646) to work on /opt/airflow/dags/udac_example_dag.py
[2023-07-22T09:38:16.378+0000] {processor.py:826} INFO - Processing file /opt/airflow/dags/udac_example_dag.py for tasks to queue
[2023-07-22T09:38:16.379+0000] {logging_mixin.py:150} INFO - [2023-07-22T09:38:16.379+0000] {dagbag.py:541} INFO - Filling up the DagBag from /opt/airflow/dags/udac_example_dag.py
[2023-07-22T09:38:16.742+0000] {processor.py:836} INFO - DAG(s) dict_keys(['udac_example_dag']) retrieved from /opt/airflow/dags/udac_example_dag.py
[2023-07-22T09:38:16.774+0000] {logging_mixin.py:150} INFO - [2023-07-22T09:38:16.774+0000] {dag.py:2742} INFO - Sync 1 DAGs
[2023-07-22T09:38:16.812+0000] {logging_mixin.py:150} INFO - [2023-07-22T09:38:16.812+0000] {dag.py:3508} INFO - Setting next_dagrun for udac_example_dag to 2023-07-22T09:00:00+00:00, run_after=2023-07-22T10:00:00+00:00
[2023-07-22T09:38:16.845+0000] {processor.py:179} INFO - Processing /opt/airflow/dags/udac_example_dag.py took 0.472 seconds
[2023-07-22T09:38:46.918+0000] {processor.py:157} INFO - Started process (PID=25713) to work on /opt/airflow/dags/udac_example_dag.py
[2023-07-22T09:38:46.920+0000] {processor.py:826} INFO - Processing file /opt/airflow/dags/udac_example_dag.py for tasks to queue
[2023-07-22T09:38:46.921+0000] {logging_mixin.py:150} INFO - [2023-07-22T09:38:46.921+0000] {dagbag.py:541} INFO - Filling up the DagBag from /opt/airflow/dags/udac_example_dag.py
[2023-07-22T09:38:47.419+0000] {processor.py:836} INFO - DAG(s) dict_keys(['udac_example_dag']) retrieved from /opt/airflow/dags/udac_example_dag.py
[2023-07-22T09:38:47.461+0000] {logging_mixin.py:150} INFO - [2023-07-22T09:38:47.461+0000] {dag.py:2742} INFO - Sync 1 DAGs
[2023-07-22T09:38:47.499+0000] {logging_mixin.py:150} INFO - [2023-07-22T09:38:47.499+0000] {dag.py:3508} INFO - Setting next_dagrun for udac_example_dag to 2023-07-22T09:00:00+00:00, run_after=2023-07-22T10:00:00+00:00
[2023-07-22T09:38:47.537+0000] {processor.py:179} INFO - Processing /opt/airflow/dags/udac_example_dag.py took 0.624 seconds
[2023-07-22T09:39:17.730+0000] {processor.py:157} INFO - Started process (PID=25778) to work on /opt/airflow/dags/udac_example_dag.py
[2023-07-22T09:39:17.732+0000] {processor.py:826} INFO - Processing file /opt/airflow/dags/udac_example_dag.py for tasks to queue
[2023-07-22T09:39:17.735+0000] {logging_mixin.py:150} INFO - [2023-07-22T09:39:17.734+0000] {dagbag.py:541} INFO - Filling up the DagBag from /opt/airflow/dags/udac_example_dag.py
[2023-07-22T09:39:18.300+0000] {processor.py:836} INFO - DAG(s) dict_keys(['udac_example_dag']) retrieved from /opt/airflow/dags/udac_example_dag.py
[2023-07-22T09:39:18.340+0000] {logging_mixin.py:150} INFO - [2023-07-22T09:39:18.340+0000] {dag.py:2742} INFO - Sync 1 DAGs
[2023-07-22T09:39:18.377+0000] {logging_mixin.py:150} INFO - [2023-07-22T09:39:18.377+0000] {dag.py:3508} INFO - Setting next_dagrun for udac_example_dag to 2023-07-22T09:00:00+00:00, run_after=2023-07-22T10:00:00+00:00
[2023-07-22T09:39:18.419+0000] {processor.py:179} INFO - Processing /opt/airflow/dags/udac_example_dag.py took 0.696 seconds
[2023-07-22T09:39:48.525+0000] {processor.py:157} INFO - Started process (PID=25851) to work on /opt/airflow/dags/udac_example_dag.py
[2023-07-22T09:39:48.526+0000] {processor.py:826} INFO - Processing file /opt/airflow/dags/udac_example_dag.py for tasks to queue
[2023-07-22T09:39:48.527+0000] {logging_mixin.py:150} INFO - [2023-07-22T09:39:48.527+0000] {dagbag.py:541} INFO - Filling up the DagBag from /opt/airflow/dags/udac_example_dag.py
[2023-07-22T09:39:48.967+0000] {processor.py:836} INFO - DAG(s) dict_keys(['udac_example_dag']) retrieved from /opt/airflow/dags/udac_example_dag.py
[2023-07-22T09:39:49.006+0000] {logging_mixin.py:150} INFO - [2023-07-22T09:39:49.006+0000] {dag.py:2742} INFO - Sync 1 DAGs
[2023-07-22T09:39:49.050+0000] {logging_mixin.py:150} INFO - [2023-07-22T09:39:49.050+0000] {dag.py:3508} INFO - Setting next_dagrun for udac_example_dag to 2023-07-22T09:00:00+00:00, run_after=2023-07-22T10:00:00+00:00
[2023-07-22T09:39:49.090+0000] {processor.py:179} INFO - Processing /opt/airflow/dags/udac_example_dag.py took 0.568 seconds
[2023-07-22T09:40:19.428+0000] {processor.py:157} INFO - Started process (PID=25918) to work on /opt/airflow/dags/udac_example_dag.py
[2023-07-22T09:40:19.430+0000] {processor.py:826} INFO - Processing file /opt/airflow/dags/udac_example_dag.py for tasks to queue
[2023-07-22T09:40:19.432+0000] {logging_mixin.py:150} INFO - [2023-07-22T09:40:19.432+0000] {dagbag.py:541} INFO - Filling up the DagBag from /opt/airflow/dags/udac_example_dag.py
[2023-07-22T09:40:19.986+0000] {processor.py:836} INFO - DAG(s) dict_keys(['udac_example_dag']) retrieved from /opt/airflow/dags/udac_example_dag.py
[2023-07-22T09:40:20.024+0000] {logging_mixin.py:150} INFO - [2023-07-22T09:40:20.024+0000] {dag.py:2742} INFO - Sync 1 DAGs
[2023-07-22T09:40:20.061+0000] {logging_mixin.py:150} INFO - [2023-07-22T09:40:20.061+0000] {dag.py:3508} INFO - Setting next_dagrun for udac_example_dag to 2023-07-22T09:00:00+00:00, run_after=2023-07-22T10:00:00+00:00
[2023-07-22T09:40:20.100+0000] {processor.py:179} INFO - Processing /opt/airflow/dags/udac_example_dag.py took 0.678 seconds
[2023-07-22T09:40:50.352+0000] {processor.py:157} INFO - Started process (PID=25986) to work on /opt/airflow/dags/udac_example_dag.py
[2023-07-22T09:40:50.354+0000] {processor.py:826} INFO - Processing file /opt/airflow/dags/udac_example_dag.py for tasks to queue
[2023-07-22T09:40:50.356+0000] {logging_mixin.py:150} INFO - [2023-07-22T09:40:50.356+0000] {dagbag.py:541} INFO - Filling up the DagBag from /opt/airflow/dags/udac_example_dag.py
[2023-07-22T09:40:50.947+0000] {processor.py:836} INFO - DAG(s) dict_keys(['udac_example_dag']) retrieved from /opt/airflow/dags/udac_example_dag.py
[2023-07-22T09:40:50.991+0000] {logging_mixin.py:150} INFO - [2023-07-22T09:40:50.990+0000] {dag.py:2742} INFO - Sync 1 DAGs
[2023-07-22T09:40:51.036+0000] {logging_mixin.py:150} INFO - [2023-07-22T09:40:51.035+0000] {dag.py:3508} INFO - Setting next_dagrun for udac_example_dag to 2023-07-22T09:00:00+00:00, run_after=2023-07-22T10:00:00+00:00
[2023-07-22T09:40:51.073+0000] {processor.py:179} INFO - Processing /opt/airflow/dags/udac_example_dag.py took 0.728 seconds
[2023-07-22T09:41:21.826+0000] {processor.py:157} INFO - Started process (PID=26054) to work on /opt/airflow/dags/udac_example_dag.py
[2023-07-22T09:41:21.827+0000] {processor.py:826} INFO - Processing file /opt/airflow/dags/udac_example_dag.py for tasks to queue
[2023-07-22T09:41:21.829+0000] {logging_mixin.py:150} INFO - [2023-07-22T09:41:21.828+0000] {dagbag.py:541} INFO - Filling up the DagBag from /opt/airflow/dags/udac_example_dag.py
[2023-07-22T09:41:22.141+0000] {processor.py:836} INFO - DAG(s) dict_keys(['udac_example_dag']) retrieved from /opt/airflow/dags/udac_example_dag.py
[2023-07-22T09:41:22.169+0000] {logging_mixin.py:150} INFO - [2023-07-22T09:41:22.169+0000] {dag.py:2742} INFO - Sync 1 DAGs
[2023-07-22T09:41:22.194+0000] {logging_mixin.py:150} INFO - [2023-07-22T09:41:22.194+0000] {dag.py:3508} INFO - Setting next_dagrun for udac_example_dag to 2023-07-22T09:00:00+00:00, run_after=2023-07-22T10:00:00+00:00
[2023-07-22T09:41:22.220+0000] {processor.py:179} INFO - Processing /opt/airflow/dags/udac_example_dag.py took 0.397 seconds
[2023-07-22T09:41:52.682+0000] {processor.py:157} INFO - Started process (PID=26120) to work on /opt/airflow/dags/udac_example_dag.py
[2023-07-22T09:41:52.683+0000] {processor.py:826} INFO - Processing file /opt/airflow/dags/udac_example_dag.py for tasks to queue
[2023-07-22T09:41:52.684+0000] {logging_mixin.py:150} INFO - [2023-07-22T09:41:52.684+0000] {dagbag.py:541} INFO - Filling up the DagBag from /opt/airflow/dags/udac_example_dag.py
[2023-07-22T09:41:53.026+0000] {processor.py:836} INFO - DAG(s) dict_keys(['udac_example_dag']) retrieved from /opt/airflow/dags/udac_example_dag.py
[2023-07-22T09:41:53.051+0000] {logging_mixin.py:150} INFO - [2023-07-22T09:41:53.051+0000] {dag.py:2742} INFO - Sync 1 DAGs
[2023-07-22T09:41:53.081+0000] {logging_mixin.py:150} INFO - [2023-07-22T09:41:53.081+0000] {dag.py:3508} INFO - Setting next_dagrun for udac_example_dag to 2023-07-22T09:00:00+00:00, run_after=2023-07-22T10:00:00+00:00
[2023-07-22T09:41:53.111+0000] {processor.py:179} INFO - Processing /opt/airflow/dags/udac_example_dag.py took 0.434 seconds
[2023-07-22T09:42:23.457+0000] {processor.py:157} INFO - Started process (PID=26186) to work on /opt/airflow/dags/udac_example_dag.py
[2023-07-22T09:42:23.458+0000] {processor.py:826} INFO - Processing file /opt/airflow/dags/udac_example_dag.py for tasks to queue
[2023-07-22T09:42:23.459+0000] {logging_mixin.py:150} INFO - [2023-07-22T09:42:23.459+0000] {dagbag.py:541} INFO - Filling up the DagBag from /opt/airflow/dags/udac_example_dag.py
[2023-07-22T09:42:23.734+0000] {processor.py:836} INFO - DAG(s) dict_keys(['udac_example_dag']) retrieved from /opt/airflow/dags/udac_example_dag.py
[2023-07-22T09:42:23.752+0000] {logging_mixin.py:150} INFO - [2023-07-22T09:42:23.752+0000] {dag.py:2742} INFO - Sync 1 DAGs
[2023-07-22T09:42:23.771+0000] {logging_mixin.py:150} INFO - [2023-07-22T09:42:23.771+0000] {dag.py:3508} INFO - Setting next_dagrun for udac_example_dag to 2023-07-22T09:00:00+00:00, run_after=2023-07-22T10:00:00+00:00
[2023-07-22T09:42:23.789+0000] {processor.py:179} INFO - Processing /opt/airflow/dags/udac_example_dag.py took 0.335 seconds
[2023-07-22T09:42:54.057+0000] {processor.py:157} INFO - Started process (PID=26252) to work on /opt/airflow/dags/udac_example_dag.py
[2023-07-22T09:42:54.059+0000] {processor.py:826} INFO - Processing file /opt/airflow/dags/udac_example_dag.py for tasks to queue
[2023-07-22T09:42:54.060+0000] {logging_mixin.py:150} INFO - [2023-07-22T09:42:54.059+0000] {dagbag.py:541} INFO - Filling up the DagBag from /opt/airflow/dags/udac_example_dag.py
[2023-07-22T09:42:54.326+0000] {processor.py:836} INFO - DAG(s) dict_keys(['udac_example_dag']) retrieved from /opt/airflow/dags/udac_example_dag.py
[2023-07-22T09:42:54.348+0000] {logging_mixin.py:150} INFO - [2023-07-22T09:42:54.348+0000] {dag.py:2742} INFO - Sync 1 DAGs
[2023-07-22T09:42:54.371+0000] {logging_mixin.py:150} INFO - [2023-07-22T09:42:54.371+0000] {dag.py:3508} INFO - Setting next_dagrun for udac_example_dag to 2023-07-22T09:00:00+00:00, run_after=2023-07-22T10:00:00+00:00
[2023-07-22T09:42:54.394+0000] {processor.py:179} INFO - Processing /opt/airflow/dags/udac_example_dag.py took 0.340 seconds
[2023-07-22T09:43:24.534+0000] {processor.py:157} INFO - Started process (PID=26319) to work on /opt/airflow/dags/udac_example_dag.py
[2023-07-22T09:43:24.536+0000] {processor.py:826} INFO - Processing file /opt/airflow/dags/udac_example_dag.py for tasks to queue
[2023-07-22T09:43:24.538+0000] {logging_mixin.py:150} INFO - [2023-07-22T09:43:24.537+0000] {dagbag.py:541} INFO - Filling up the DagBag from /opt/airflow/dags/udac_example_dag.py
[2023-07-22T09:43:24.844+0000] {processor.py:836} INFO - DAG(s) dict_keys(['udac_example_dag']) retrieved from /opt/airflow/dags/udac_example_dag.py
[2023-07-22T09:43:24.883+0000] {logging_mixin.py:150} INFO - [2023-07-22T09:43:24.882+0000] {dag.py:2742} INFO - Sync 1 DAGs
[2023-07-22T09:43:24.927+0000] {logging_mixin.py:150} INFO - [2023-07-22T09:43:24.926+0000] {dag.py:3508} INFO - Setting next_dagrun for udac_example_dag to 2023-07-22T09:00:00+00:00, run_after=2023-07-22T10:00:00+00:00
[2023-07-22T09:43:24.964+0000] {processor.py:179} INFO - Processing /opt/airflow/dags/udac_example_dag.py took 0.436 seconds
[2023-07-22T09:43:55.763+0000] {processor.py:157} INFO - Started process (PID=26386) to work on /opt/airflow/dags/udac_example_dag.py
[2023-07-22T09:43:55.765+0000] {processor.py:826} INFO - Processing file /opt/airflow/dags/udac_example_dag.py for tasks to queue
[2023-07-22T09:43:55.766+0000] {logging_mixin.py:150} INFO - [2023-07-22T09:43:55.766+0000] {dagbag.py:541} INFO - Filling up the DagBag from /opt/airflow/dags/udac_example_dag.py
[2023-07-22T09:43:56.057+0000] {processor.py:836} INFO - DAG(s) dict_keys(['udac_example_dag']) retrieved from /opt/airflow/dags/udac_example_dag.py
[2023-07-22T09:43:56.097+0000] {logging_mixin.py:150} INFO - [2023-07-22T09:43:56.097+0000] {dag.py:2742} INFO - Sync 1 DAGs
[2023-07-22T09:43:56.136+0000] {logging_mixin.py:150} INFO - [2023-07-22T09:43:56.136+0000] {dag.py:3508} INFO - Setting next_dagrun for udac_example_dag to 2023-07-22T09:00:00+00:00, run_after=2023-07-22T10:00:00+00:00
[2023-07-22T09:43:56.173+0000] {processor.py:179} INFO - Processing /opt/airflow/dags/udac_example_dag.py took 0.414 seconds
[2023-07-22T09:44:26.266+0000] {processor.py:157} INFO - Started process (PID=26453) to work on /opt/airflow/dags/udac_example_dag.py
[2023-07-22T09:44:26.267+0000] {processor.py:826} INFO - Processing file /opt/airflow/dags/udac_example_dag.py for tasks to queue
[2023-07-22T09:44:26.269+0000] {logging_mixin.py:150} INFO - [2023-07-22T09:44:26.268+0000] {dagbag.py:541} INFO - Filling up the DagBag from /opt/airflow/dags/udac_example_dag.py
[2023-07-22T09:44:26.575+0000] {processor.py:836} INFO - DAG(s) dict_keys(['udac_example_dag']) retrieved from /opt/airflow/dags/udac_example_dag.py
[2023-07-22T09:44:26.612+0000] {logging_mixin.py:150} INFO - [2023-07-22T09:44:26.611+0000] {dag.py:2742} INFO - Sync 1 DAGs
[2023-07-22T09:44:26.645+0000] {logging_mixin.py:150} INFO - [2023-07-22T09:44:26.645+0000] {dag.py:3508} INFO - Setting next_dagrun for udac_example_dag to 2023-07-22T09:00:00+00:00, run_after=2023-07-22T10:00:00+00:00
[2023-07-22T09:44:26.680+0000] {processor.py:179} INFO - Processing /opt/airflow/dags/udac_example_dag.py took 0.418 seconds
[2023-07-22T09:44:57.561+0000] {processor.py:157} INFO - Started process (PID=26520) to work on /opt/airflow/dags/udac_example_dag.py
[2023-07-22T09:44:57.562+0000] {processor.py:826} INFO - Processing file /opt/airflow/dags/udac_example_dag.py for tasks to queue
[2023-07-22T09:44:57.564+0000] {logging_mixin.py:150} INFO - [2023-07-22T09:44:57.563+0000] {dagbag.py:541} INFO - Filling up the DagBag from /opt/airflow/dags/udac_example_dag.py
[2023-07-22T09:44:57.749+0000] {processor.py:836} INFO - DAG(s) dict_keys(['udac_example_dag']) retrieved from /opt/airflow/dags/udac_example_dag.py
[2023-07-22T09:44:57.772+0000] {logging_mixin.py:150} INFO - [2023-07-22T09:44:57.772+0000] {dag.py:2742} INFO - Sync 1 DAGs
[2023-07-22T09:44:57.794+0000] {logging_mixin.py:150} INFO - [2023-07-22T09:44:57.794+0000] {dag.py:3508} INFO - Setting next_dagrun for udac_example_dag to 2023-07-22T09:00:00+00:00, run_after=2023-07-22T10:00:00+00:00
[2023-07-22T09:44:57.817+0000] {processor.py:179} INFO - Processing /opt/airflow/dags/udac_example_dag.py took 0.259 seconds
[2023-07-22T09:45:27.924+0000] {processor.py:157} INFO - Started process (PID=26587) to work on /opt/airflow/dags/udac_example_dag.py
[2023-07-22T09:45:27.925+0000] {processor.py:826} INFO - Processing file /opt/airflow/dags/udac_example_dag.py for tasks to queue
[2023-07-22T09:45:27.927+0000] {logging_mixin.py:150} INFO - [2023-07-22T09:45:27.926+0000] {dagbag.py:541} INFO - Filling up the DagBag from /opt/airflow/dags/udac_example_dag.py
[2023-07-22T09:45:28.193+0000] {processor.py:836} INFO - DAG(s) dict_keys(['udac_example_dag']) retrieved from /opt/airflow/dags/udac_example_dag.py
[2023-07-22T09:45:28.229+0000] {logging_mixin.py:150} INFO - [2023-07-22T09:45:28.228+0000] {dag.py:2742} INFO - Sync 1 DAGs
[2023-07-22T09:45:28.265+0000] {logging_mixin.py:150} INFO - [2023-07-22T09:45:28.264+0000] {dag.py:3508} INFO - Setting next_dagrun for udac_example_dag to 2023-07-22T09:00:00+00:00, run_after=2023-07-22T10:00:00+00:00
[2023-07-22T09:45:28.299+0000] {processor.py:179} INFO - Processing /opt/airflow/dags/udac_example_dag.py took 0.380 seconds
[2023-07-22T09:45:58.421+0000] {processor.py:157} INFO - Started process (PID=26654) to work on /opt/airflow/dags/udac_example_dag.py
[2023-07-22T09:45:58.423+0000] {processor.py:826} INFO - Processing file /opt/airflow/dags/udac_example_dag.py for tasks to queue
[2023-07-22T09:45:58.425+0000] {logging_mixin.py:150} INFO - [2023-07-22T09:45:58.424+0000] {dagbag.py:541} INFO - Filling up the DagBag from /opt/airflow/dags/udac_example_dag.py
[2023-07-22T09:45:58.707+0000] {processor.py:836} INFO - DAG(s) dict_keys(['udac_example_dag']) retrieved from /opt/airflow/dags/udac_example_dag.py
[2023-07-22T09:45:58.745+0000] {logging_mixin.py:150} INFO - [2023-07-22T09:45:58.744+0000] {dag.py:2742} INFO - Sync 1 DAGs
[2023-07-22T09:45:58.779+0000] {logging_mixin.py:150} INFO - [2023-07-22T09:45:58.778+0000] {dag.py:3508} INFO - Setting next_dagrun for udac_example_dag to 2023-07-22T09:00:00+00:00, run_after=2023-07-22T10:00:00+00:00
[2023-07-22T09:45:58.814+0000] {processor.py:179} INFO - Processing /opt/airflow/dags/udac_example_dag.py took 0.398 seconds
[2023-07-22T09:46:29.810+0000] {processor.py:157} INFO - Started process (PID=26720) to work on /opt/airflow/dags/udac_example_dag.py
[2023-07-22T09:46:29.811+0000] {processor.py:826} INFO - Processing file /opt/airflow/dags/udac_example_dag.py for tasks to queue
[2023-07-22T09:46:29.813+0000] {logging_mixin.py:150} INFO - [2023-07-22T09:46:29.813+0000] {dagbag.py:541} INFO - Filling up the DagBag from /opt/airflow/dags/udac_example_dag.py
[2023-07-22T09:46:30.171+0000] {processor.py:836} INFO - DAG(s) dict_keys(['udac_example_dag']) retrieved from /opt/airflow/dags/udac_example_dag.py
[2023-07-22T09:46:30.222+0000] {logging_mixin.py:150} INFO - [2023-07-22T09:46:30.222+0000] {dag.py:2742} INFO - Sync 1 DAGs
[2023-07-22T09:46:30.272+0000] {logging_mixin.py:150} INFO - [2023-07-22T09:46:30.271+0000] {dag.py:3508} INFO - Setting next_dagrun for udac_example_dag to 2023-07-22T09:00:00+00:00, run_after=2023-07-22T10:00:00+00:00
[2023-07-22T09:46:30.313+0000] {processor.py:179} INFO - Processing /opt/airflow/dags/udac_example_dag.py took 0.509 seconds
[2023-07-22T09:47:00.949+0000] {processor.py:157} INFO - Started process (PID=26786) to work on /opt/airflow/dags/udac_example_dag.py
[2023-07-22T09:47:00.950+0000] {processor.py:826} INFO - Processing file /opt/airflow/dags/udac_example_dag.py for tasks to queue
[2023-07-22T09:47:00.952+0000] {logging_mixin.py:150} INFO - [2023-07-22T09:47:00.952+0000] {dagbag.py:541} INFO - Filling up the DagBag from /opt/airflow/dags/udac_example_dag.py
[2023-07-22T09:47:01.250+0000] {processor.py:836} INFO - DAG(s) dict_keys(['udac_example_dag']) retrieved from /opt/airflow/dags/udac_example_dag.py
[2023-07-22T09:47:01.288+0000] {logging_mixin.py:150} INFO - [2023-07-22T09:47:01.288+0000] {dag.py:2742} INFO - Sync 1 DAGs
[2023-07-22T09:47:01.325+0000] {logging_mixin.py:150} INFO - [2023-07-22T09:47:01.325+0000] {dag.py:3508} INFO - Setting next_dagrun for udac_example_dag to 2023-07-22T09:00:00+00:00, run_after=2023-07-22T10:00:00+00:00
[2023-07-22T09:47:01.360+0000] {processor.py:179} INFO - Processing /opt/airflow/dags/udac_example_dag.py took 0.416 seconds
[2023-07-22T09:47:31.414+0000] {processor.py:157} INFO - Started process (PID=26852) to work on /opt/airflow/dags/udac_example_dag.py
[2023-07-22T09:47:31.415+0000] {processor.py:826} INFO - Processing file /opt/airflow/dags/udac_example_dag.py for tasks to queue
[2023-07-22T09:47:31.416+0000] {logging_mixin.py:150} INFO - [2023-07-22T09:47:31.416+0000] {dagbag.py:541} INFO - Filling up the DagBag from /opt/airflow/dags/udac_example_dag.py
[2023-07-22T09:47:31.598+0000] {processor.py:836} INFO - DAG(s) dict_keys(['udac_example_dag']) retrieved from /opt/airflow/dags/udac_example_dag.py
[2023-07-22T09:47:31.621+0000] {logging_mixin.py:150} INFO - [2023-07-22T09:47:31.621+0000] {dag.py:2742} INFO - Sync 1 DAGs
[2023-07-22T09:47:31.641+0000] {logging_mixin.py:150} INFO - [2023-07-22T09:47:31.641+0000] {dag.py:3508} INFO - Setting next_dagrun for udac_example_dag to 2023-07-22T09:00:00+00:00, run_after=2023-07-22T10:00:00+00:00
[2023-07-22T09:47:31.663+0000] {processor.py:179} INFO - Processing /opt/airflow/dags/udac_example_dag.py took 0.252 seconds
[2023-07-22T09:48:02.431+0000] {processor.py:157} INFO - Started process (PID=26918) to work on /opt/airflow/dags/udac_example_dag.py
[2023-07-22T09:48:02.432+0000] {processor.py:826} INFO - Processing file /opt/airflow/dags/udac_example_dag.py for tasks to queue
[2023-07-22T09:48:02.433+0000] {logging_mixin.py:150} INFO - [2023-07-22T09:48:02.433+0000] {dagbag.py:541} INFO - Filling up the DagBag from /opt/airflow/dags/udac_example_dag.py
[2023-07-22T09:48:02.633+0000] {processor.py:836} INFO - DAG(s) dict_keys(['udac_example_dag']) retrieved from /opt/airflow/dags/udac_example_dag.py
[2023-07-22T09:48:02.663+0000] {logging_mixin.py:150} INFO - [2023-07-22T09:48:02.663+0000] {dag.py:2742} INFO - Sync 1 DAGs
[2023-07-22T09:48:02.693+0000] {logging_mixin.py:150} INFO - [2023-07-22T09:48:02.693+0000] {dag.py:3508} INFO - Setting next_dagrun for udac_example_dag to 2023-07-22T09:00:00+00:00, run_after=2023-07-22T10:00:00+00:00
[2023-07-22T09:48:02.719+0000] {processor.py:179} INFO - Processing /opt/airflow/dags/udac_example_dag.py took 0.292 seconds
[2023-07-22T09:48:33.166+0000] {processor.py:157} INFO - Started process (PID=26984) to work on /opt/airflow/dags/udac_example_dag.py
[2023-07-22T09:48:33.167+0000] {processor.py:826} INFO - Processing file /opt/airflow/dags/udac_example_dag.py for tasks to queue
[2023-07-22T09:48:33.169+0000] {logging_mixin.py:150} INFO - [2023-07-22T09:48:33.168+0000] {dagbag.py:541} INFO - Filling up the DagBag from /opt/airflow/dags/udac_example_dag.py
[2023-07-22T09:48:33.665+0000] {processor.py:836} INFO - DAG(s) dict_keys(['udac_example_dag']) retrieved from /opt/airflow/dags/udac_example_dag.py
[2023-07-22T09:48:33.750+0000] {logging_mixin.py:150} INFO - [2023-07-22T09:48:33.750+0000] {dag.py:2742} INFO - Sync 1 DAGs
[2023-07-22T09:48:33.813+0000] {logging_mixin.py:150} INFO - [2023-07-22T09:48:33.812+0000] {dag.py:3508} INFO - Setting next_dagrun for udac_example_dag to 2023-07-22T09:00:00+00:00, run_after=2023-07-22T10:00:00+00:00
[2023-07-22T09:48:33.865+0000] {processor.py:179} INFO - Processing /opt/airflow/dags/udac_example_dag.py took 0.702 seconds
[2023-07-22T09:49:04.093+0000] {processor.py:157} INFO - Started process (PID=27050) to work on /opt/airflow/dags/udac_example_dag.py
[2023-07-22T09:49:04.094+0000] {processor.py:826} INFO - Processing file /opt/airflow/dags/udac_example_dag.py for tasks to queue
[2023-07-22T09:49:04.095+0000] {logging_mixin.py:150} INFO - [2023-07-22T09:49:04.095+0000] {dagbag.py:541} INFO - Filling up the DagBag from /opt/airflow/dags/udac_example_dag.py
[2023-07-22T09:49:04.268+0000] {processor.py:836} INFO - DAG(s) dict_keys(['udac_example_dag']) retrieved from /opt/airflow/dags/udac_example_dag.py
[2023-07-22T09:49:04.365+0000] {logging_mixin.py:150} INFO - [2023-07-22T09:49:04.365+0000] {dag.py:2742} INFO - Sync 1 DAGs
[2023-07-22T09:49:04.398+0000] {logging_mixin.py:150} INFO - [2023-07-22T09:49:04.398+0000] {dag.py:3508} INFO - Setting next_dagrun for udac_example_dag to 2023-07-22T09:00:00+00:00, run_after=2023-07-22T10:00:00+00:00
[2023-07-22T09:49:04.429+0000] {processor.py:179} INFO - Processing /opt/airflow/dags/udac_example_dag.py took 0.339 seconds
[2023-07-22T09:49:34.944+0000] {processor.py:157} INFO - Started process (PID=27116) to work on /opt/airflow/dags/udac_example_dag.py
[2023-07-22T09:49:34.946+0000] {processor.py:826} INFO - Processing file /opt/airflow/dags/udac_example_dag.py for tasks to queue
[2023-07-22T09:49:34.948+0000] {logging_mixin.py:150} INFO - [2023-07-22T09:49:34.948+0000] {dagbag.py:541} INFO - Filling up the DagBag from /opt/airflow/dags/udac_example_dag.py
[2023-07-22T09:49:35.287+0000] {processor.py:836} INFO - DAG(s) dict_keys(['udac_example_dag']) retrieved from /opt/airflow/dags/udac_example_dag.py
[2023-07-22T09:49:35.334+0000] {logging_mixin.py:150} INFO - [2023-07-22T09:49:35.334+0000] {dag.py:2742} INFO - Sync 1 DAGs
[2023-07-22T09:49:35.380+0000] {logging_mixin.py:150} INFO - [2023-07-22T09:49:35.379+0000] {dag.py:3508} INFO - Setting next_dagrun for udac_example_dag to 2023-07-22T09:00:00+00:00, run_after=2023-07-22T10:00:00+00:00
[2023-07-22T09:49:35.420+0000] {processor.py:179} INFO - Processing /opt/airflow/dags/udac_example_dag.py took 0.483 seconds
[2023-07-22T09:50:06.193+0000] {processor.py:157} INFO - Started process (PID=27182) to work on /opt/airflow/dags/udac_example_dag.py
[2023-07-22T09:50:06.194+0000] {processor.py:826} INFO - Processing file /opt/airflow/dags/udac_example_dag.py for tasks to queue
[2023-07-22T09:50:06.195+0000] {logging_mixin.py:150} INFO - [2023-07-22T09:50:06.195+0000] {dagbag.py:541} INFO - Filling up the DagBag from /opt/airflow/dags/udac_example_dag.py
[2023-07-22T09:50:06.370+0000] {processor.py:836} INFO - DAG(s) dict_keys(['udac_example_dag']) retrieved from /opt/airflow/dags/udac_example_dag.py
[2023-07-22T09:50:06.393+0000] {logging_mixin.py:150} INFO - [2023-07-22T09:50:06.393+0000] {dag.py:2742} INFO - Sync 1 DAGs
[2023-07-22T09:50:06.415+0000] {logging_mixin.py:150} INFO - [2023-07-22T09:50:06.414+0000] {dag.py:3508} INFO - Setting next_dagrun for udac_example_dag to 2023-07-22T09:00:00+00:00, run_after=2023-07-22T10:00:00+00:00
[2023-07-22T09:50:06.438+0000] {processor.py:179} INFO - Processing /opt/airflow/dags/udac_example_dag.py took 0.249 seconds
[2023-07-22T09:50:36.871+0000] {processor.py:157} INFO - Started process (PID=27248) to work on /opt/airflow/dags/udac_example_dag.py
[2023-07-22T09:50:36.872+0000] {processor.py:826} INFO - Processing file /opt/airflow/dags/udac_example_dag.py for tasks to queue
[2023-07-22T09:50:36.873+0000] {logging_mixin.py:150} INFO - [2023-07-22T09:50:36.873+0000] {dagbag.py:541} INFO - Filling up the DagBag from /opt/airflow/dags/udac_example_dag.py
[2023-07-22T09:50:37.128+0000] {processor.py:836} INFO - DAG(s) dict_keys(['udac_example_dag']) retrieved from /opt/airflow/dags/udac_example_dag.py
[2023-07-22T09:50:37.166+0000] {logging_mixin.py:150} INFO - [2023-07-22T09:50:37.166+0000] {dag.py:2742} INFO - Sync 1 DAGs
[2023-07-22T09:50:37.200+0000] {logging_mixin.py:150} INFO - [2023-07-22T09:50:37.199+0000] {dag.py:3508} INFO - Setting next_dagrun for udac_example_dag to 2023-07-22T09:00:00+00:00, run_after=2023-07-22T10:00:00+00:00
[2023-07-22T09:50:37.232+0000] {processor.py:179} INFO - Processing /opt/airflow/dags/udac_example_dag.py took 0.365 seconds
[2023-07-22T09:51:07.444+0000] {processor.py:157} INFO - Started process (PID=27314) to work on /opt/airflow/dags/udac_example_dag.py
[2023-07-22T09:51:07.444+0000] {processor.py:826} INFO - Processing file /opt/airflow/dags/udac_example_dag.py for tasks to queue
[2023-07-22T09:51:07.445+0000] {logging_mixin.py:150} INFO - [2023-07-22T09:51:07.445+0000] {dagbag.py:541} INFO - Filling up the DagBag from /opt/airflow/dags/udac_example_dag.py
[2023-07-22T09:51:07.614+0000] {processor.py:836} INFO - DAG(s) dict_keys(['udac_example_dag']) retrieved from /opt/airflow/dags/udac_example_dag.py
[2023-07-22T09:51:07.637+0000] {logging_mixin.py:150} INFO - [2023-07-22T09:51:07.636+0000] {dag.py:2742} INFO - Sync 1 DAGs
[2023-07-22T09:51:07.661+0000] {logging_mixin.py:150} INFO - [2023-07-22T09:51:07.660+0000] {dag.py:3508} INFO - Setting next_dagrun for udac_example_dag to 2023-07-22T09:00:00+00:00, run_after=2023-07-22T10:00:00+00:00
[2023-07-22T09:51:07.682+0000] {processor.py:179} INFO - Processing /opt/airflow/dags/udac_example_dag.py took 0.242 seconds
[2023-07-22T09:51:38.053+0000] {processor.py:157} INFO - Started process (PID=27380) to work on /opt/airflow/dags/udac_example_dag.py
[2023-07-22T09:51:38.054+0000] {processor.py:826} INFO - Processing file /opt/airflow/dags/udac_example_dag.py for tasks to queue
[2023-07-22T09:51:38.055+0000] {logging_mixin.py:150} INFO - [2023-07-22T09:51:38.055+0000] {dagbag.py:541} INFO - Filling up the DagBag from /opt/airflow/dags/udac_example_dag.py
[2023-07-22T09:51:38.236+0000] {processor.py:836} INFO - DAG(s) dict_keys(['udac_example_dag']) retrieved from /opt/airflow/dags/udac_example_dag.py
[2023-07-22T09:51:38.271+0000] {logging_mixin.py:150} INFO - [2023-07-22T09:51:38.271+0000] {dag.py:2742} INFO - Sync 1 DAGs
[2023-07-22T09:51:38.304+0000] {logging_mixin.py:150} INFO - [2023-07-22T09:51:38.304+0000] {dag.py:3508} INFO - Setting next_dagrun for udac_example_dag to 2023-07-22T09:00:00+00:00, run_after=2023-07-22T10:00:00+00:00
[2023-07-22T09:51:38.340+0000] {processor.py:179} INFO - Processing /opt/airflow/dags/udac_example_dag.py took 0.291 seconds
[2023-07-22T09:52:08.841+0000] {processor.py:157} INFO - Started process (PID=27446) to work on /opt/airflow/dags/udac_example_dag.py
[2023-07-22T09:52:08.842+0000] {processor.py:826} INFO - Processing file /opt/airflow/dags/udac_example_dag.py for tasks to queue
[2023-07-22T09:52:08.844+0000] {logging_mixin.py:150} INFO - [2023-07-22T09:52:08.843+0000] {dagbag.py:541} INFO - Filling up the DagBag from /opt/airflow/dags/udac_example_dag.py
[2023-07-22T09:52:09.021+0000] {processor.py:836} INFO - DAG(s) dict_keys(['udac_example_dag']) retrieved from /opt/airflow/dags/udac_example_dag.py
[2023-07-22T09:52:09.045+0000] {logging_mixin.py:150} INFO - [2023-07-22T09:52:09.044+0000] {dag.py:2742} INFO - Sync 1 DAGs
[2023-07-22T09:52:09.064+0000] {logging_mixin.py:150} INFO - [2023-07-22T09:52:09.063+0000] {dag.py:3508} INFO - Setting next_dagrun for udac_example_dag to 2023-07-22T09:00:00+00:00, run_after=2023-07-22T10:00:00+00:00
[2023-07-22T09:52:09.084+0000] {processor.py:179} INFO - Processing /opt/airflow/dags/udac_example_dag.py took 0.245 seconds
[2023-07-22T09:52:39.473+0000] {processor.py:157} INFO - Started process (PID=27512) to work on /opt/airflow/dags/udac_example_dag.py
[2023-07-22T09:52:39.474+0000] {processor.py:826} INFO - Processing file /opt/airflow/dags/udac_example_dag.py for tasks to queue
[2023-07-22T09:52:39.475+0000] {logging_mixin.py:150} INFO - [2023-07-22T09:52:39.475+0000] {dagbag.py:541} INFO - Filling up the DagBag from /opt/airflow/dags/udac_example_dag.py
[2023-07-22T09:52:39.651+0000] {processor.py:836} INFO - DAG(s) dict_keys(['udac_example_dag']) retrieved from /opt/airflow/dags/udac_example_dag.py
[2023-07-22T09:52:39.672+0000] {logging_mixin.py:150} INFO - [2023-07-22T09:52:39.672+0000] {dag.py:2742} INFO - Sync 1 DAGs
[2023-07-22T09:52:39.693+0000] {logging_mixin.py:150} INFO - [2023-07-22T09:52:39.693+0000] {dag.py:3508} INFO - Setting next_dagrun for udac_example_dag to 2023-07-22T09:00:00+00:00, run_after=2023-07-22T10:00:00+00:00
[2023-07-22T09:52:39.717+0000] {processor.py:179} INFO - Processing /opt/airflow/dags/udac_example_dag.py took 0.247 seconds
[2023-07-22T09:53:10.296+0000] {processor.py:157} INFO - Started process (PID=27578) to work on /opt/airflow/dags/udac_example_dag.py
[2023-07-22T09:53:10.297+0000] {processor.py:826} INFO - Processing file /opt/airflow/dags/udac_example_dag.py for tasks to queue
[2023-07-22T09:53:10.298+0000] {logging_mixin.py:150} INFO - [2023-07-22T09:53:10.298+0000] {dagbag.py:541} INFO - Filling up the DagBag from /opt/airflow/dags/udac_example_dag.py
[2023-07-22T09:53:10.479+0000] {processor.py:836} INFO - DAG(s) dict_keys(['udac_example_dag']) retrieved from /opt/airflow/dags/udac_example_dag.py
[2023-07-22T09:53:10.500+0000] {logging_mixin.py:150} INFO - [2023-07-22T09:53:10.500+0000] {dag.py:2742} INFO - Sync 1 DAGs
[2023-07-22T09:53:10.524+0000] {logging_mixin.py:150} INFO - [2023-07-22T09:53:10.523+0000] {dag.py:3508} INFO - Setting next_dagrun for udac_example_dag to 2023-07-22T09:00:00+00:00, run_after=2023-07-22T10:00:00+00:00
[2023-07-22T09:53:10.549+0000] {processor.py:179} INFO - Processing /opt/airflow/dags/udac_example_dag.py took 0.256 seconds
[2023-07-22T09:53:40.885+0000] {processor.py:157} INFO - Started process (PID=27644) to work on /opt/airflow/dags/udac_example_dag.py
[2023-07-22T09:53:40.886+0000] {processor.py:826} INFO - Processing file /opt/airflow/dags/udac_example_dag.py for tasks to queue
[2023-07-22T09:53:40.887+0000] {logging_mixin.py:150} INFO - [2023-07-22T09:53:40.887+0000] {dagbag.py:541} INFO - Filling up the DagBag from /opt/airflow/dags/udac_example_dag.py
[2023-07-22T09:53:41.056+0000] {processor.py:836} INFO - DAG(s) dict_keys(['udac_example_dag']) retrieved from /opt/airflow/dags/udac_example_dag.py
[2023-07-22T09:53:41.079+0000] {logging_mixin.py:150} INFO - [2023-07-22T09:53:41.079+0000] {dag.py:2742} INFO - Sync 1 DAGs
[2023-07-22T09:53:41.102+0000] {logging_mixin.py:150} INFO - [2023-07-22T09:53:41.102+0000] {dag.py:3508} INFO - Setting next_dagrun for udac_example_dag to 2023-07-22T09:00:00+00:00, run_after=2023-07-22T10:00:00+00:00
[2023-07-22T09:53:41.123+0000] {processor.py:179} INFO - Processing /opt/airflow/dags/udac_example_dag.py took 0.242 seconds
[2023-07-22T09:54:12.043+0000] {processor.py:157} INFO - Started process (PID=27710) to work on /opt/airflow/dags/udac_example_dag.py
[2023-07-22T09:54:12.044+0000] {processor.py:826} INFO - Processing file /opt/airflow/dags/udac_example_dag.py for tasks to queue
[2023-07-22T09:54:12.045+0000] {logging_mixin.py:150} INFO - [2023-07-22T09:54:12.045+0000] {dagbag.py:541} INFO - Filling up the DagBag from /opt/airflow/dags/udac_example_dag.py
[2023-07-22T09:54:12.235+0000] {processor.py:836} INFO - DAG(s) dict_keys(['udac_example_dag']) retrieved from /opt/airflow/dags/udac_example_dag.py
[2023-07-22T09:54:12.257+0000] {logging_mixin.py:150} INFO - [2023-07-22T09:54:12.257+0000] {dag.py:2742} INFO - Sync 1 DAGs
[2023-07-22T09:54:12.278+0000] {logging_mixin.py:150} INFO - [2023-07-22T09:54:12.278+0000] {dag.py:3508} INFO - Setting next_dagrun for udac_example_dag to 2023-07-22T09:00:00+00:00, run_after=2023-07-22T10:00:00+00:00
[2023-07-22T09:54:12.298+0000] {processor.py:179} INFO - Processing /opt/airflow/dags/udac_example_dag.py took 0.258 seconds
[2023-07-22T09:54:43.199+0000] {processor.py:157} INFO - Started process (PID=27776) to work on /opt/airflow/dags/udac_example_dag.py
[2023-07-22T09:54:43.200+0000] {processor.py:826} INFO - Processing file /opt/airflow/dags/udac_example_dag.py for tasks to queue
[2023-07-22T09:54:43.201+0000] {logging_mixin.py:150} INFO - [2023-07-22T09:54:43.201+0000] {dagbag.py:541} INFO - Filling up the DagBag from /opt/airflow/dags/udac_example_dag.py
[2023-07-22T09:54:43.371+0000] {processor.py:836} INFO - DAG(s) dict_keys(['udac_example_dag']) retrieved from /opt/airflow/dags/udac_example_dag.py
[2023-07-22T09:54:43.393+0000] {logging_mixin.py:150} INFO - [2023-07-22T09:54:43.392+0000] {dag.py:2742} INFO - Sync 1 DAGs
[2023-07-22T09:54:43.413+0000] {logging_mixin.py:150} INFO - [2023-07-22T09:54:43.413+0000] {dag.py:3508} INFO - Setting next_dagrun for udac_example_dag to 2023-07-22T09:00:00+00:00, run_after=2023-07-22T10:00:00+00:00
[2023-07-22T09:54:43.434+0000] {processor.py:179} INFO - Processing /opt/airflow/dags/udac_example_dag.py took 0.237 seconds
[2023-07-22T09:55:13.475+0000] {processor.py:157} INFO - Started process (PID=27842) to work on /opt/airflow/dags/udac_example_dag.py
[2023-07-22T09:55:13.476+0000] {processor.py:826} INFO - Processing file /opt/airflow/dags/udac_example_dag.py for tasks to queue
[2023-07-22T09:55:13.477+0000] {logging_mixin.py:150} INFO - [2023-07-22T09:55:13.477+0000] {dagbag.py:541} INFO - Filling up the DagBag from /opt/airflow/dags/udac_example_dag.py
[2023-07-22T09:55:13.659+0000] {processor.py:836} INFO - DAG(s) dict_keys(['udac_example_dag']) retrieved from /opt/airflow/dags/udac_example_dag.py
[2023-07-22T09:55:13.686+0000] {logging_mixin.py:150} INFO - [2023-07-22T09:55:13.685+0000] {dag.py:2742} INFO - Sync 1 DAGs
[2023-07-22T09:55:13.709+0000] {logging_mixin.py:150} INFO - [2023-07-22T09:55:13.709+0000] {dag.py:3508} INFO - Setting next_dagrun for udac_example_dag to 2023-07-22T09:00:00+00:00, run_after=2023-07-22T10:00:00+00:00
[2023-07-22T09:55:13.731+0000] {processor.py:179} INFO - Processing /opt/airflow/dags/udac_example_dag.py took 0.257 seconds
[2023-07-22T09:55:43.845+0000] {processor.py:157} INFO - Started process (PID=27908) to work on /opt/airflow/dags/udac_example_dag.py
[2023-07-22T09:55:43.846+0000] {processor.py:826} INFO - Processing file /opt/airflow/dags/udac_example_dag.py for tasks to queue
[2023-07-22T09:55:43.847+0000] {logging_mixin.py:150} INFO - [2023-07-22T09:55:43.847+0000] {dagbag.py:541} INFO - Filling up the DagBag from /opt/airflow/dags/udac_example_dag.py
[2023-07-22T09:55:44.015+0000] {processor.py:836} INFO - DAG(s) dict_keys(['udac_example_dag']) retrieved from /opt/airflow/dags/udac_example_dag.py
[2023-07-22T09:55:44.037+0000] {logging_mixin.py:150} INFO - [2023-07-22T09:55:44.037+0000] {dag.py:2742} INFO - Sync 1 DAGs
[2023-07-22T09:55:44.060+0000] {logging_mixin.py:150} INFO - [2023-07-22T09:55:44.060+0000] {dag.py:3508} INFO - Setting next_dagrun for udac_example_dag to 2023-07-22T09:00:00+00:00, run_after=2023-07-22T10:00:00+00:00
[2023-07-22T09:55:44.085+0000] {processor.py:179} INFO - Processing /opt/airflow/dags/udac_example_dag.py took 0.242 seconds
[2023-07-22T09:56:14.772+0000] {processor.py:157} INFO - Started process (PID=27974) to work on /opt/airflow/dags/udac_example_dag.py
[2023-07-22T09:56:14.774+0000] {processor.py:826} INFO - Processing file /opt/airflow/dags/udac_example_dag.py for tasks to queue
[2023-07-22T09:56:14.775+0000] {logging_mixin.py:150} INFO - [2023-07-22T09:56:14.775+0000] {dagbag.py:541} INFO - Filling up the DagBag from /opt/airflow/dags/udac_example_dag.py
[2023-07-22T09:56:14.956+0000] {processor.py:836} INFO - DAG(s) dict_keys(['udac_example_dag']) retrieved from /opt/airflow/dags/udac_example_dag.py
[2023-07-22T09:56:14.976+0000] {logging_mixin.py:150} INFO - [2023-07-22T09:56:14.976+0000] {dag.py:2742} INFO - Sync 1 DAGs
[2023-07-22T09:56:14.997+0000] {logging_mixin.py:150} INFO - [2023-07-22T09:56:14.997+0000] {dag.py:3508} INFO - Setting next_dagrun for udac_example_dag to 2023-07-22T09:00:00+00:00, run_after=2023-07-22T10:00:00+00:00
[2023-07-22T09:56:15.018+0000] {processor.py:179} INFO - Processing /opt/airflow/dags/udac_example_dag.py took 0.250 seconds
[2023-07-22T09:56:46.039+0000] {processor.py:157} INFO - Started process (PID=28040) to work on /opt/airflow/dags/udac_example_dag.py
[2023-07-22T09:56:46.040+0000] {processor.py:826} INFO - Processing file /opt/airflow/dags/udac_example_dag.py for tasks to queue
[2023-07-22T09:56:46.041+0000] {logging_mixin.py:150} INFO - [2023-07-22T09:56:46.041+0000] {dagbag.py:541} INFO - Filling up the DagBag from /opt/airflow/dags/udac_example_dag.py
[2023-07-22T09:56:46.206+0000] {processor.py:836} INFO - DAG(s) dict_keys(['udac_example_dag']) retrieved from /opt/airflow/dags/udac_example_dag.py
[2023-07-22T09:56:46.229+0000] {logging_mixin.py:150} INFO - [2023-07-22T09:56:46.229+0000] {dag.py:2742} INFO - Sync 1 DAGs
[2023-07-22T09:56:46.250+0000] {logging_mixin.py:150} INFO - [2023-07-22T09:56:46.249+0000] {dag.py:3508} INFO - Setting next_dagrun for udac_example_dag to 2023-07-22T09:00:00+00:00, run_after=2023-07-22T10:00:00+00:00
[2023-07-22T09:56:46.271+0000] {processor.py:179} INFO - Processing /opt/airflow/dags/udac_example_dag.py took 0.236 seconds
[2023-07-22T09:57:17.147+0000] {processor.py:157} INFO - Started process (PID=28106) to work on /opt/airflow/dags/udac_example_dag.py
[2023-07-22T09:57:17.148+0000] {processor.py:826} INFO - Processing file /opt/airflow/dags/udac_example_dag.py for tasks to queue
[2023-07-22T09:57:17.149+0000] {logging_mixin.py:150} INFO - [2023-07-22T09:57:17.149+0000] {dagbag.py:541} INFO - Filling up the DagBag from /opt/airflow/dags/udac_example_dag.py
[2023-07-22T09:57:17.318+0000] {processor.py:836} INFO - DAG(s) dict_keys(['udac_example_dag']) retrieved from /opt/airflow/dags/udac_example_dag.py
[2023-07-22T09:57:17.340+0000] {logging_mixin.py:150} INFO - [2023-07-22T09:57:17.340+0000] {dag.py:2742} INFO - Sync 1 DAGs
[2023-07-22T09:57:17.364+0000] {logging_mixin.py:150} INFO - [2023-07-22T09:57:17.363+0000] {dag.py:3508} INFO - Setting next_dagrun for udac_example_dag to 2023-07-22T09:00:00+00:00, run_after=2023-07-22T10:00:00+00:00
[2023-07-22T09:57:17.386+0000] {processor.py:179} INFO - Processing /opt/airflow/dags/udac_example_dag.py took 0.241 seconds
[2023-07-22T09:57:48.330+0000] {processor.py:157} INFO - Started process (PID=28172) to work on /opt/airflow/dags/udac_example_dag.py
[2023-07-22T09:57:48.331+0000] {processor.py:826} INFO - Processing file /opt/airflow/dags/udac_example_dag.py for tasks to queue
[2023-07-22T09:57:48.332+0000] {logging_mixin.py:150} INFO - [2023-07-22T09:57:48.332+0000] {dagbag.py:541} INFO - Filling up the DagBag from /opt/airflow/dags/udac_example_dag.py
[2023-07-22T09:57:48.513+0000] {processor.py:836} INFO - DAG(s) dict_keys(['udac_example_dag']) retrieved from /opt/airflow/dags/udac_example_dag.py
[2023-07-22T09:57:48.536+0000] {logging_mixin.py:150} INFO - [2023-07-22T09:57:48.536+0000] {dag.py:2742} INFO - Sync 1 DAGs
[2023-07-22T09:57:48.557+0000] {logging_mixin.py:150} INFO - [2023-07-22T09:57:48.557+0000] {dag.py:3508} INFO - Setting next_dagrun for udac_example_dag to 2023-07-22T09:00:00+00:00, run_after=2023-07-22T10:00:00+00:00
[2023-07-22T09:57:48.583+0000] {processor.py:179} INFO - Processing /opt/airflow/dags/udac_example_dag.py took 0.257 seconds
[2023-07-22T09:58:19.550+0000] {processor.py:157} INFO - Started process (PID=28238) to work on /opt/airflow/dags/udac_example_dag.py
[2023-07-22T09:58:19.552+0000] {processor.py:826} INFO - Processing file /opt/airflow/dags/udac_example_dag.py for tasks to queue
[2023-07-22T09:58:19.554+0000] {logging_mixin.py:150} INFO - [2023-07-22T09:58:19.553+0000] {dagbag.py:541} INFO - Filling up the DagBag from /opt/airflow/dags/udac_example_dag.py
[2023-07-22T09:58:19.733+0000] {processor.py:836} INFO - DAG(s) dict_keys(['udac_example_dag']) retrieved from /opt/airflow/dags/udac_example_dag.py
[2023-07-22T09:58:19.757+0000] {logging_mixin.py:150} INFO - [2023-07-22T09:58:19.757+0000] {dag.py:2742} INFO - Sync 1 DAGs
[2023-07-22T09:58:19.780+0000] {logging_mixin.py:150} INFO - [2023-07-22T09:58:19.780+0000] {dag.py:3508} INFO - Setting next_dagrun for udac_example_dag to 2023-07-22T09:00:00+00:00, run_after=2023-07-22T10:00:00+00:00
[2023-07-22T09:58:19.802+0000] {processor.py:179} INFO - Processing /opt/airflow/dags/udac_example_dag.py took 0.255 seconds
[2023-07-22T09:58:50.830+0000] {processor.py:157} INFO - Started process (PID=28304) to work on /opt/airflow/dags/udac_example_dag.py
[2023-07-22T09:58:50.831+0000] {processor.py:826} INFO - Processing file /opt/airflow/dags/udac_example_dag.py for tasks to queue
[2023-07-22T09:58:50.832+0000] {logging_mixin.py:150} INFO - [2023-07-22T09:58:50.831+0000] {dagbag.py:541} INFO - Filling up the DagBag from /opt/airflow/dags/udac_example_dag.py
[2023-07-22T09:58:51.005+0000] {processor.py:836} INFO - DAG(s) dict_keys(['udac_example_dag']) retrieved from /opt/airflow/dags/udac_example_dag.py
[2023-07-22T09:58:51.029+0000] {logging_mixin.py:150} INFO - [2023-07-22T09:58:51.029+0000] {dag.py:2742} INFO - Sync 1 DAGs
[2023-07-22T09:58:51.052+0000] {logging_mixin.py:150} INFO - [2023-07-22T09:58:51.051+0000] {dag.py:3508} INFO - Setting next_dagrun for udac_example_dag to 2023-07-22T09:00:00+00:00, run_after=2023-07-22T10:00:00+00:00
[2023-07-22T09:58:51.075+0000] {processor.py:179} INFO - Processing /opt/airflow/dags/udac_example_dag.py took 0.249 seconds
[2023-07-22T09:59:21.124+0000] {processor.py:157} INFO - Started process (PID=28370) to work on /opt/airflow/dags/udac_example_dag.py
[2023-07-22T09:59:21.125+0000] {processor.py:826} INFO - Processing file /opt/airflow/dags/udac_example_dag.py for tasks to queue
[2023-07-22T09:59:21.125+0000] {logging_mixin.py:150} INFO - [2023-07-22T09:59:21.125+0000] {dagbag.py:541} INFO - Filling up the DagBag from /opt/airflow/dags/udac_example_dag.py
[2023-07-22T09:59:21.290+0000] {processor.py:836} INFO - DAG(s) dict_keys(['udac_example_dag']) retrieved from /opt/airflow/dags/udac_example_dag.py
[2023-07-22T09:59:21.317+0000] {logging_mixin.py:150} INFO - [2023-07-22T09:59:21.317+0000] {dag.py:2742} INFO - Sync 1 DAGs
[2023-07-22T09:59:21.343+0000] {logging_mixin.py:150} INFO - [2023-07-22T09:59:21.343+0000] {dag.py:3508} INFO - Setting next_dagrun for udac_example_dag to 2023-07-22T09:00:00+00:00, run_after=2023-07-22T10:00:00+00:00
[2023-07-22T09:59:21.366+0000] {processor.py:179} INFO - Processing /opt/airflow/dags/udac_example_dag.py took 0.245 seconds
[2023-07-22T09:59:51.916+0000] {processor.py:157} INFO - Started process (PID=28436) to work on /opt/airflow/dags/udac_example_dag.py
[2023-07-22T09:59:51.917+0000] {processor.py:826} INFO - Processing file /opt/airflow/dags/udac_example_dag.py for tasks to queue
[2023-07-22T09:59:51.918+0000] {logging_mixin.py:150} INFO - [2023-07-22T09:59:51.918+0000] {dagbag.py:541} INFO - Filling up the DagBag from /opt/airflow/dags/udac_example_dag.py
[2023-07-22T09:59:52.086+0000] {processor.py:836} INFO - DAG(s) dict_keys(['udac_example_dag']) retrieved from /opt/airflow/dags/udac_example_dag.py
[2023-07-22T09:59:52.109+0000] {logging_mixin.py:150} INFO - [2023-07-22T09:59:52.109+0000] {dag.py:2742} INFO - Sync 1 DAGs
[2023-07-22T09:59:52.131+0000] {logging_mixin.py:150} INFO - [2023-07-22T09:59:52.131+0000] {dag.py:3508} INFO - Setting next_dagrun for udac_example_dag to 2023-07-22T09:00:00+00:00, run_after=2023-07-22T10:00:00+00:00
[2023-07-22T09:59:52.154+0000] {processor.py:179} INFO - Processing /opt/airflow/dags/udac_example_dag.py took 0.241 seconds
[2023-07-22T10:00:22.331+0000] {processor.py:157} INFO - Started process (PID=28506) to work on /opt/airflow/dags/udac_example_dag.py
[2023-07-22T10:00:22.332+0000] {processor.py:826} INFO - Processing file /opt/airflow/dags/udac_example_dag.py for tasks to queue
[2023-07-22T10:00:22.333+0000] {logging_mixin.py:150} INFO - [2023-07-22T10:00:22.333+0000] {dagbag.py:541} INFO - Filling up the DagBag from /opt/airflow/dags/udac_example_dag.py
[2023-07-22T10:00:22.511+0000] {processor.py:836} INFO - DAG(s) dict_keys(['udac_example_dag']) retrieved from /opt/airflow/dags/udac_example_dag.py
[2023-07-22T10:00:22.533+0000] {logging_mixin.py:150} INFO - [2023-07-22T10:00:22.533+0000] {dag.py:2742} INFO - Sync 1 DAGs
[2023-07-22T10:00:22.554+0000] {logging_mixin.py:150} INFO - [2023-07-22T10:00:22.554+0000] {dag.py:3508} INFO - Setting next_dagrun for udac_example_dag to 2023-07-22T10:00:00+00:00, run_after=2023-07-22T11:00:00+00:00
[2023-07-22T10:00:22.574+0000] {processor.py:179} INFO - Processing /opt/airflow/dags/udac_example_dag.py took 0.246 seconds
[2023-07-22T10:00:53.462+0000] {processor.py:157} INFO - Started process (PID=28579) to work on /opt/airflow/dags/udac_example_dag.py
[2023-07-22T10:00:53.463+0000] {processor.py:826} INFO - Processing file /opt/airflow/dags/udac_example_dag.py for tasks to queue
[2023-07-22T10:00:53.464+0000] {logging_mixin.py:150} INFO - [2023-07-22T10:00:53.464+0000] {dagbag.py:541} INFO - Filling up the DagBag from /opt/airflow/dags/udac_example_dag.py
[2023-07-22T10:00:53.670+0000] {processor.py:836} INFO - DAG(s) dict_keys(['udac_example_dag']) retrieved from /opt/airflow/dags/udac_example_dag.py
[2023-07-22T10:00:53.694+0000] {logging_mixin.py:150} INFO - [2023-07-22T10:00:53.694+0000] {dag.py:2742} INFO - Sync 1 DAGs
[2023-07-22T10:00:53.717+0000] {logging_mixin.py:150} INFO - [2023-07-22T10:00:53.716+0000] {dag.py:3508} INFO - Setting next_dagrun for udac_example_dag to 2023-07-22T10:00:00+00:00, run_after=2023-07-22T11:00:00+00:00
[2023-07-22T10:00:53.744+0000] {processor.py:179} INFO - Processing /opt/airflow/dags/udac_example_dag.py took 0.286 seconds
[2023-07-22T10:01:23.820+0000] {processor.py:157} INFO - Started process (PID=28645) to work on /opt/airflow/dags/udac_example_dag.py
[2023-07-22T10:01:23.821+0000] {processor.py:826} INFO - Processing file /opt/airflow/dags/udac_example_dag.py for tasks to queue
[2023-07-22T10:01:23.822+0000] {logging_mixin.py:150} INFO - [2023-07-22T10:01:23.821+0000] {dagbag.py:541} INFO - Filling up the DagBag from /opt/airflow/dags/udac_example_dag.py
[2023-07-22T10:01:24.006+0000] {processor.py:836} INFO - DAG(s) dict_keys(['udac_example_dag']) retrieved from /opt/airflow/dags/udac_example_dag.py
[2023-07-22T10:01:24.031+0000] {logging_mixin.py:150} INFO - [2023-07-22T10:01:24.031+0000] {dag.py:2742} INFO - Sync 1 DAGs
[2023-07-22T10:01:24.055+0000] {logging_mixin.py:150} INFO - [2023-07-22T10:01:24.055+0000] {dag.py:3508} INFO - Setting next_dagrun for udac_example_dag to 2023-07-22T10:00:00+00:00, run_after=2023-07-22T11:00:00+00:00
[2023-07-22T10:01:24.078+0000] {processor.py:179} INFO - Processing /opt/airflow/dags/udac_example_dag.py took 0.261 seconds
[2023-07-22T10:01:54.175+0000] {processor.py:157} INFO - Started process (PID=28717) to work on /opt/airflow/dags/udac_example_dag.py
[2023-07-22T10:01:54.176+0000] {processor.py:826} INFO - Processing file /opt/airflow/dags/udac_example_dag.py for tasks to queue
[2023-07-22T10:01:54.177+0000] {logging_mixin.py:150} INFO - [2023-07-22T10:01:54.177+0000] {dagbag.py:541} INFO - Filling up the DagBag from /opt/airflow/dags/udac_example_dag.py
[2023-07-22T10:01:54.406+0000] {processor.py:836} INFO - DAG(s) dict_keys(['udac_example_dag']) retrieved from /opt/airflow/dags/udac_example_dag.py
[2023-07-22T10:01:54.505+0000] {logging_mixin.py:150} INFO - [2023-07-22T10:01:54.505+0000] {dag.py:2742} INFO - Sync 1 DAGs
[2023-07-22T10:01:54.551+0000] {logging_mixin.py:150} INFO - [2023-07-22T10:01:54.551+0000] {dag.py:3508} INFO - Setting next_dagrun for udac_example_dag to 2023-07-22T10:00:00+00:00, run_after=2023-07-22T11:00:00+00:00
[2023-07-22T10:01:54.584+0000] {processor.py:179} INFO - Processing /opt/airflow/dags/udac_example_dag.py took 0.414 seconds
[2023-07-22T10:02:25.514+0000] {processor.py:157} INFO - Started process (PID=28783) to work on /opt/airflow/dags/udac_example_dag.py
[2023-07-22T10:02:25.514+0000] {processor.py:826} INFO - Processing file /opt/airflow/dags/udac_example_dag.py for tasks to queue
[2023-07-22T10:02:25.515+0000] {logging_mixin.py:150} INFO - [2023-07-22T10:02:25.515+0000] {dagbag.py:541} INFO - Filling up the DagBag from /opt/airflow/dags/udac_example_dag.py
[2023-07-22T10:02:25.693+0000] {processor.py:836} INFO - DAG(s) dict_keys(['udac_example_dag']) retrieved from /opt/airflow/dags/udac_example_dag.py
[2023-07-22T10:02:25.718+0000] {logging_mixin.py:150} INFO - [2023-07-22T10:02:25.717+0000] {dag.py:2742} INFO - Sync 1 DAGs
[2023-07-22T10:02:25.739+0000] {logging_mixin.py:150} INFO - [2023-07-22T10:02:25.739+0000] {dag.py:3508} INFO - Setting next_dagrun for udac_example_dag to 2023-07-22T10:00:00+00:00, run_after=2023-07-22T11:00:00+00:00
[2023-07-22T10:02:25.759+0000] {processor.py:179} INFO - Processing /opt/airflow/dags/udac_example_dag.py took 0.248 seconds
[2023-07-22T10:02:56.137+0000] {processor.py:157} INFO - Started process (PID=28849) to work on /opt/airflow/dags/udac_example_dag.py
[2023-07-22T10:02:56.138+0000] {processor.py:826} INFO - Processing file /opt/airflow/dags/udac_example_dag.py for tasks to queue
[2023-07-22T10:02:56.139+0000] {logging_mixin.py:150} INFO - [2023-07-22T10:02:56.139+0000] {dagbag.py:541} INFO - Filling up the DagBag from /opt/airflow/dags/udac_example_dag.py
[2023-07-22T10:02:56.310+0000] {processor.py:836} INFO - DAG(s) dict_keys(['udac_example_dag']) retrieved from /opt/airflow/dags/udac_example_dag.py
[2023-07-22T10:02:56.335+0000] {logging_mixin.py:150} INFO - [2023-07-22T10:02:56.335+0000] {dag.py:2742} INFO - Sync 1 DAGs
[2023-07-22T10:02:56.358+0000] {logging_mixin.py:150} INFO - [2023-07-22T10:02:56.358+0000] {dag.py:3508} INFO - Setting next_dagrun for udac_example_dag to 2023-07-22T10:00:00+00:00, run_after=2023-07-22T11:00:00+00:00
[2023-07-22T10:02:56.390+0000] {processor.py:179} INFO - Processing /opt/airflow/dags/udac_example_dag.py took 0.256 seconds
[2023-07-22T10:03:26.727+0000] {processor.py:157} INFO - Started process (PID=28915) to work on /opt/airflow/dags/udac_example_dag.py
[2023-07-22T10:03:26.729+0000] {processor.py:826} INFO - Processing file /opt/airflow/dags/udac_example_dag.py for tasks to queue
[2023-07-22T10:03:26.730+0000] {logging_mixin.py:150} INFO - [2023-07-22T10:03:26.730+0000] {dagbag.py:541} INFO - Filling up the DagBag from /opt/airflow/dags/udac_example_dag.py
[2023-07-22T10:03:26.924+0000] {processor.py:836} INFO - DAG(s) dict_keys(['udac_example_dag']) retrieved from /opt/airflow/dags/udac_example_dag.py
[2023-07-22T10:03:26.950+0000] {logging_mixin.py:150} INFO - [2023-07-22T10:03:26.950+0000] {dag.py:2742} INFO - Sync 1 DAGs
[2023-07-22T10:03:26.972+0000] {logging_mixin.py:150} INFO - [2023-07-22T10:03:26.971+0000] {dag.py:3508} INFO - Setting next_dagrun for udac_example_dag to 2023-07-22T10:00:00+00:00, run_after=2023-07-22T11:00:00+00:00
[2023-07-22T10:03:26.992+0000] {processor.py:179} INFO - Processing /opt/airflow/dags/udac_example_dag.py took 0.270 seconds
[2023-07-22T10:03:57.065+0000] {processor.py:157} INFO - Started process (PID=28981) to work on /opt/airflow/dags/udac_example_dag.py
[2023-07-22T10:03:57.065+0000] {processor.py:826} INFO - Processing file /opt/airflow/dags/udac_example_dag.py for tasks to queue
[2023-07-22T10:03:57.066+0000] {logging_mixin.py:150} INFO - [2023-07-22T10:03:57.066+0000] {dagbag.py:541} INFO - Filling up the DagBag from /opt/airflow/dags/udac_example_dag.py
[2023-07-22T10:03:57.237+0000] {processor.py:836} INFO - DAG(s) dict_keys(['udac_example_dag']) retrieved from /opt/airflow/dags/udac_example_dag.py
[2023-07-22T10:03:57.260+0000] {logging_mixin.py:150} INFO - [2023-07-22T10:03:57.260+0000] {dag.py:2742} INFO - Sync 1 DAGs
[2023-07-22T10:03:57.281+0000] {logging_mixin.py:150} INFO - [2023-07-22T10:03:57.280+0000] {dag.py:3508} INFO - Setting next_dagrun for udac_example_dag to 2023-07-22T10:00:00+00:00, run_after=2023-07-22T11:00:00+00:00
[2023-07-22T10:03:57.301+0000] {processor.py:179} INFO - Processing /opt/airflow/dags/udac_example_dag.py took 0.240 seconds
[2023-07-22T10:04:27.899+0000] {processor.py:157} INFO - Started process (PID=29047) to work on /opt/airflow/dags/udac_example_dag.py
[2023-07-22T10:04:27.900+0000] {processor.py:826} INFO - Processing file /opt/airflow/dags/udac_example_dag.py for tasks to queue
[2023-07-22T10:04:27.901+0000] {logging_mixin.py:150} INFO - [2023-07-22T10:04:27.900+0000] {dagbag.py:541} INFO - Filling up the DagBag from /opt/airflow/dags/udac_example_dag.py
[2023-07-22T10:04:28.080+0000] {processor.py:836} INFO - DAG(s) dict_keys(['udac_example_dag']) retrieved from /opt/airflow/dags/udac_example_dag.py
[2023-07-22T10:04:28.102+0000] {logging_mixin.py:150} INFO - [2023-07-22T10:04:28.102+0000] {dag.py:2742} INFO - Sync 1 DAGs
[2023-07-22T10:04:28.123+0000] {logging_mixin.py:150} INFO - [2023-07-22T10:04:28.123+0000] {dag.py:3508} INFO - Setting next_dagrun for udac_example_dag to 2023-07-22T10:00:00+00:00, run_after=2023-07-22T11:00:00+00:00
[2023-07-22T10:04:28.145+0000] {processor.py:179} INFO - Processing /opt/airflow/dags/udac_example_dag.py took 0.250 seconds
[2023-07-22T10:04:58.418+0000] {processor.py:157} INFO - Started process (PID=29113) to work on /opt/airflow/dags/udac_example_dag.py
[2023-07-22T10:04:58.419+0000] {processor.py:826} INFO - Processing file /opt/airflow/dags/udac_example_dag.py for tasks to queue
[2023-07-22T10:04:58.420+0000] {logging_mixin.py:150} INFO - [2023-07-22T10:04:58.420+0000] {dagbag.py:541} INFO - Filling up the DagBag from /opt/airflow/dags/udac_example_dag.py
[2023-07-22T10:04:58.590+0000] {processor.py:836} INFO - DAG(s) dict_keys(['udac_example_dag']) retrieved from /opt/airflow/dags/udac_example_dag.py
[2023-07-22T10:04:58.612+0000] {logging_mixin.py:150} INFO - [2023-07-22T10:04:58.612+0000] {dag.py:2742} INFO - Sync 1 DAGs
[2023-07-22T10:04:58.633+0000] {logging_mixin.py:150} INFO - [2023-07-22T10:04:58.633+0000] {dag.py:3508} INFO - Setting next_dagrun for udac_example_dag to 2023-07-22T10:00:00+00:00, run_after=2023-07-22T11:00:00+00:00
[2023-07-22T10:04:58.656+0000] {processor.py:179} INFO - Processing /opt/airflow/dags/udac_example_dag.py took 0.241 seconds
[2023-07-22T10:05:28.874+0000] {processor.py:157} INFO - Started process (PID=29179) to work on /opt/airflow/dags/udac_example_dag.py
[2023-07-22T10:05:28.875+0000] {processor.py:826} INFO - Processing file /opt/airflow/dags/udac_example_dag.py for tasks to queue
[2023-07-22T10:05:28.876+0000] {logging_mixin.py:150} INFO - [2023-07-22T10:05:28.876+0000] {dagbag.py:541} INFO - Filling up the DagBag from /opt/airflow/dags/udac_example_dag.py
[2023-07-22T10:05:29.093+0000] {processor.py:836} INFO - DAG(s) dict_keys(['udac_example_dag']) retrieved from /opt/airflow/dags/udac_example_dag.py
[2023-07-22T10:05:29.124+0000] {logging_mixin.py:150} INFO - [2023-07-22T10:05:29.123+0000] {dag.py:2742} INFO - Sync 1 DAGs
[2023-07-22T10:05:29.147+0000] {logging_mixin.py:150} INFO - [2023-07-22T10:05:29.147+0000] {dag.py:3508} INFO - Setting next_dagrun for udac_example_dag to 2023-07-22T10:00:00+00:00, run_after=2023-07-22T11:00:00+00:00
[2023-07-22T10:05:29.172+0000] {processor.py:179} INFO - Processing /opt/airflow/dags/udac_example_dag.py took 0.301 seconds
[2023-07-22T10:05:59.423+0000] {processor.py:157} INFO - Started process (PID=29245) to work on /opt/airflow/dags/udac_example_dag.py
[2023-07-22T10:05:59.424+0000] {processor.py:826} INFO - Processing file /opt/airflow/dags/udac_example_dag.py for tasks to queue
[2023-07-22T10:05:59.425+0000] {logging_mixin.py:150} INFO - [2023-07-22T10:05:59.425+0000] {dagbag.py:541} INFO - Filling up the DagBag from /opt/airflow/dags/udac_example_dag.py
[2023-07-22T10:05:59.596+0000] {processor.py:836} INFO - DAG(s) dict_keys(['udac_example_dag']) retrieved from /opt/airflow/dags/udac_example_dag.py
[2023-07-22T10:05:59.622+0000] {logging_mixin.py:150} INFO - [2023-07-22T10:05:59.622+0000] {dag.py:2742} INFO - Sync 1 DAGs
[2023-07-22T10:05:59.647+0000] {logging_mixin.py:150} INFO - [2023-07-22T10:05:59.647+0000] {dag.py:3508} INFO - Setting next_dagrun for udac_example_dag to 2023-07-22T10:00:00+00:00, run_after=2023-07-22T11:00:00+00:00
[2023-07-22T10:05:59.668+0000] {processor.py:179} INFO - Processing /opt/airflow/dags/udac_example_dag.py took 0.249 seconds
[2023-07-22T10:06:29.829+0000] {processor.py:157} INFO - Started process (PID=29311) to work on /opt/airflow/dags/udac_example_dag.py
[2023-07-22T10:06:29.830+0000] {processor.py:826} INFO - Processing file /opt/airflow/dags/udac_example_dag.py for tasks to queue
[2023-07-22T10:06:29.831+0000] {logging_mixin.py:150} INFO - [2023-07-22T10:06:29.831+0000] {dagbag.py:541} INFO - Filling up the DagBag from /opt/airflow/dags/udac_example_dag.py
[2023-07-22T10:06:30.002+0000] {processor.py:836} INFO - DAG(s) dict_keys(['udac_example_dag']) retrieved from /opt/airflow/dags/udac_example_dag.py
[2023-07-22T10:06:30.024+0000] {logging_mixin.py:150} INFO - [2023-07-22T10:06:30.024+0000] {dag.py:2742} INFO - Sync 1 DAGs
[2023-07-22T10:06:30.044+0000] {logging_mixin.py:150} INFO - [2023-07-22T10:06:30.044+0000] {dag.py:3508} INFO - Setting next_dagrun for udac_example_dag to 2023-07-22T10:00:00+00:00, run_after=2023-07-22T11:00:00+00:00
[2023-07-22T10:06:30.064+0000] {processor.py:179} INFO - Processing /opt/airflow/dags/udac_example_dag.py took 0.237 seconds
[2023-07-22T10:07:00.668+0000] {processor.py:157} INFO - Started process (PID=29376) to work on /opt/airflow/dags/udac_example_dag.py
[2023-07-22T10:07:00.669+0000] {processor.py:826} INFO - Processing file /opt/airflow/dags/udac_example_dag.py for tasks to queue
[2023-07-22T10:07:00.669+0000] {logging_mixin.py:150} INFO - [2023-07-22T10:07:00.669+0000] {dagbag.py:541} INFO - Filling up the DagBag from /opt/airflow/dags/udac_example_dag.py
[2023-07-22T10:07:00.846+0000] {processor.py:836} INFO - DAG(s) dict_keys(['udac_example_dag']) retrieved from /opt/airflow/dags/udac_example_dag.py
[2023-07-22T10:07:00.872+0000] {logging_mixin.py:150} INFO - [2023-07-22T10:07:00.872+0000] {dag.py:2742} INFO - Sync 1 DAGs
[2023-07-22T10:07:00.894+0000] {logging_mixin.py:150} INFO - [2023-07-22T10:07:00.894+0000] {dag.py:3508} INFO - Setting next_dagrun for udac_example_dag to 2023-07-22T10:00:00+00:00, run_after=2023-07-22T11:00:00+00:00
[2023-07-22T10:07:00.913+0000] {processor.py:179} INFO - Processing /opt/airflow/dags/udac_example_dag.py took 0.248 seconds
[2023-07-22T10:07:31.033+0000] {processor.py:157} INFO - Started process (PID=29444) to work on /opt/airflow/dags/udac_example_dag.py
[2023-07-22T10:07:31.034+0000] {processor.py:826} INFO - Processing file /opt/airflow/dags/udac_example_dag.py for tasks to queue
[2023-07-22T10:07:31.035+0000] {logging_mixin.py:150} INFO - [2023-07-22T10:07:31.034+0000] {dagbag.py:541} INFO - Filling up the DagBag from /opt/airflow/dags/udac_example_dag.py
[2023-07-22T10:07:31.203+0000] {processor.py:836} INFO - DAG(s) dict_keys(['udac_example_dag']) retrieved from /opt/airflow/dags/udac_example_dag.py
[2023-07-22T10:07:31.226+0000] {logging_mixin.py:150} INFO - [2023-07-22T10:07:31.226+0000] {dag.py:2742} INFO - Sync 1 DAGs
[2023-07-22T10:07:31.246+0000] {logging_mixin.py:150} INFO - [2023-07-22T10:07:31.246+0000] {dag.py:3508} INFO - Setting next_dagrun for udac_example_dag to 2023-07-22T10:00:00+00:00, run_after=2023-07-22T11:00:00+00:00
[2023-07-22T10:07:31.266+0000] {processor.py:179} INFO - Processing /opt/airflow/dags/udac_example_dag.py took 0.237 seconds
[2023-07-22T10:08:01.365+0000] {processor.py:157} INFO - Started process (PID=29511) to work on /opt/airflow/dags/udac_example_dag.py
[2023-07-22T10:08:01.366+0000] {processor.py:826} INFO - Processing file /opt/airflow/dags/udac_example_dag.py for tasks to queue
[2023-07-22T10:08:01.366+0000] {logging_mixin.py:150} INFO - [2023-07-22T10:08:01.366+0000] {dagbag.py:541} INFO - Filling up the DagBag from /opt/airflow/dags/udac_example_dag.py
[2023-07-22T10:08:01.553+0000] {processor.py:836} INFO - DAG(s) dict_keys(['udac_example_dag']) retrieved from /opt/airflow/dags/udac_example_dag.py
[2023-07-22T10:08:01.574+0000] {logging_mixin.py:150} INFO - [2023-07-22T10:08:01.574+0000] {dag.py:2742} INFO - Sync 1 DAGs
[2023-07-22T10:08:01.599+0000] {logging_mixin.py:150} INFO - [2023-07-22T10:08:01.599+0000] {dag.py:3508} INFO - Setting next_dagrun for udac_example_dag to 2023-07-22T10:00:00+00:00, run_after=2023-07-22T11:00:00+00:00
[2023-07-22T10:08:01.621+0000] {processor.py:179} INFO - Processing /opt/airflow/dags/udac_example_dag.py took 0.260 seconds
[2023-07-22T10:08:31.740+0000] {processor.py:157} INFO - Started process (PID=29577) to work on /opt/airflow/dags/udac_example_dag.py
[2023-07-22T10:08:31.742+0000] {processor.py:826} INFO - Processing file /opt/airflow/dags/udac_example_dag.py for tasks to queue
[2023-07-22T10:08:31.744+0000] {logging_mixin.py:150} INFO - [2023-07-22T10:08:31.743+0000] {dagbag.py:541} INFO - Filling up the DagBag from /opt/airflow/dags/udac_example_dag.py
[2023-07-22T10:08:32.068+0000] {processor.py:836} INFO - DAG(s) dict_keys(['udac_example_dag']) retrieved from /opt/airflow/dags/udac_example_dag.py
[2023-07-22T10:08:32.115+0000] {logging_mixin.py:150} INFO - [2023-07-22T10:08:32.115+0000] {dag.py:2742} INFO - Sync 1 DAGs
[2023-07-22T10:08:32.161+0000] {logging_mixin.py:150} INFO - [2023-07-22T10:08:32.161+0000] {dag.py:3508} INFO - Setting next_dagrun for udac_example_dag to 2023-07-22T10:00:00+00:00, run_after=2023-07-22T11:00:00+00:00
[2023-07-22T10:08:32.208+0000] {processor.py:179} INFO - Processing /opt/airflow/dags/udac_example_dag.py took 0.475 seconds
[2023-07-22T10:09:02.274+0000] {processor.py:157} INFO - Started process (PID=29645) to work on /opt/airflow/dags/udac_example_dag.py
[2023-07-22T10:09:02.275+0000] {processor.py:826} INFO - Processing file /opt/airflow/dags/udac_example_dag.py for tasks to queue
[2023-07-22T10:09:02.276+0000] {logging_mixin.py:150} INFO - [2023-07-22T10:09:02.275+0000] {dagbag.py:541} INFO - Filling up the DagBag from /opt/airflow/dags/udac_example_dag.py
[2023-07-22T10:09:02.462+0000] {processor.py:836} INFO - DAG(s) dict_keys(['udac_example_dag']) retrieved from /opt/airflow/dags/udac_example_dag.py
[2023-07-22T10:09:02.484+0000] {logging_mixin.py:150} INFO - [2023-07-22T10:09:02.484+0000] {dag.py:2742} INFO - Sync 1 DAGs
[2023-07-22T10:09:02.504+0000] {logging_mixin.py:150} INFO - [2023-07-22T10:09:02.504+0000] {dag.py:3508} INFO - Setting next_dagrun for udac_example_dag to 2023-07-22T10:00:00+00:00, run_after=2023-07-22T11:00:00+00:00
[2023-07-22T10:09:02.527+0000] {processor.py:179} INFO - Processing /opt/airflow/dags/udac_example_dag.py took 0.257 seconds
[2023-07-22T10:09:33.342+0000] {processor.py:157} INFO - Started process (PID=29711) to work on /opt/airflow/dags/udac_example_dag.py
[2023-07-22T10:09:33.344+0000] {processor.py:826} INFO - Processing file /opt/airflow/dags/udac_example_dag.py for tasks to queue
[2023-07-22T10:09:33.345+0000] {logging_mixin.py:150} INFO - [2023-07-22T10:09:33.344+0000] {dagbag.py:541} INFO - Filling up the DagBag from /opt/airflow/dags/udac_example_dag.py
[2023-07-22T10:09:33.556+0000] {processor.py:836} INFO - DAG(s) dict_keys(['udac_example_dag']) retrieved from /opt/airflow/dags/udac_example_dag.py
[2023-07-22T10:09:33.584+0000] {logging_mixin.py:150} INFO - [2023-07-22T10:09:33.584+0000] {dag.py:2742} INFO - Sync 1 DAGs
[2023-07-22T10:09:33.606+0000] {logging_mixin.py:150} INFO - [2023-07-22T10:09:33.606+0000] {dag.py:3508} INFO - Setting next_dagrun for udac_example_dag to 2023-07-22T10:00:00+00:00, run_after=2023-07-22T11:00:00+00:00
[2023-07-22T10:09:33.632+0000] {processor.py:179} INFO - Processing /opt/airflow/dags/udac_example_dag.py took 0.294 seconds
[2023-07-22T10:10:04.576+0000] {processor.py:157} INFO - Started process (PID=29778) to work on /opt/airflow/dags/udac_example_dag.py
[2023-07-22T10:10:04.577+0000] {processor.py:826} INFO - Processing file /opt/airflow/dags/udac_example_dag.py for tasks to queue
[2023-07-22T10:10:04.578+0000] {logging_mixin.py:150} INFO - [2023-07-22T10:10:04.578+0000] {dagbag.py:541} INFO - Filling up the DagBag from /opt/airflow/dags/udac_example_dag.py
[2023-07-22T10:10:04.752+0000] {processor.py:836} INFO - DAG(s) dict_keys(['udac_example_dag']) retrieved from /opt/airflow/dags/udac_example_dag.py
[2023-07-22T10:10:04.776+0000] {logging_mixin.py:150} INFO - [2023-07-22T10:10:04.776+0000] {dag.py:2742} INFO - Sync 1 DAGs
[2023-07-22T10:10:04.797+0000] {logging_mixin.py:150} INFO - [2023-07-22T10:10:04.797+0000] {dag.py:3508} INFO - Setting next_dagrun for udac_example_dag to 2023-07-22T10:00:00+00:00, run_after=2023-07-22T11:00:00+00:00
[2023-07-22T10:10:04.816+0000] {processor.py:179} INFO - Processing /opt/airflow/dags/udac_example_dag.py took 0.242 seconds
[2023-07-22T10:10:35.775+0000] {processor.py:157} INFO - Started process (PID=29844) to work on /opt/airflow/dags/udac_example_dag.py
[2023-07-22T10:10:35.776+0000] {processor.py:826} INFO - Processing file /opt/airflow/dags/udac_example_dag.py for tasks to queue
[2023-07-22T10:10:35.777+0000] {logging_mixin.py:150} INFO - [2023-07-22T10:10:35.777+0000] {dagbag.py:541} INFO - Filling up the DagBag from /opt/airflow/dags/udac_example_dag.py
[2023-07-22T10:10:35.949+0000] {processor.py:836} INFO - DAG(s) dict_keys(['udac_example_dag']) retrieved from /opt/airflow/dags/udac_example_dag.py
[2023-07-22T10:10:35.971+0000] {logging_mixin.py:150} INFO - [2023-07-22T10:10:35.971+0000] {dag.py:2742} INFO - Sync 1 DAGs
[2023-07-22T10:10:35.992+0000] {logging_mixin.py:150} INFO - [2023-07-22T10:10:35.991+0000] {dag.py:3508} INFO - Setting next_dagrun for udac_example_dag to 2023-07-22T10:00:00+00:00, run_after=2023-07-22T11:00:00+00:00
[2023-07-22T10:10:36.019+0000] {processor.py:179} INFO - Processing /opt/airflow/dags/udac_example_dag.py took 0.248 seconds
[2023-07-22T10:11:07.018+0000] {processor.py:157} INFO - Started process (PID=29910) to work on /opt/airflow/dags/udac_example_dag.py
[2023-07-22T10:11:07.019+0000] {processor.py:826} INFO - Processing file /opt/airflow/dags/udac_example_dag.py for tasks to queue
[2023-07-22T10:11:07.021+0000] {logging_mixin.py:150} INFO - [2023-07-22T10:11:07.020+0000] {dagbag.py:541} INFO - Filling up the DagBag from /opt/airflow/dags/udac_example_dag.py
[2023-07-22T10:11:07.204+0000] {processor.py:836} INFO - DAG(s) dict_keys(['udac_example_dag']) retrieved from /opt/airflow/dags/udac_example_dag.py
[2023-07-22T10:11:07.226+0000] {logging_mixin.py:150} INFO - [2023-07-22T10:11:07.226+0000] {dag.py:2742} INFO - Sync 1 DAGs
[2023-07-22T10:11:07.248+0000] {logging_mixin.py:150} INFO - [2023-07-22T10:11:07.248+0000] {dag.py:3508} INFO - Setting next_dagrun for udac_example_dag to 2023-07-22T10:00:00+00:00, run_after=2023-07-22T11:00:00+00:00
[2023-07-22T10:11:07.284+0000] {processor.py:179} INFO - Processing /opt/airflow/dags/udac_example_dag.py took 0.269 seconds
[2023-07-22T10:11:37.322+0000] {processor.py:157} INFO - Started process (PID=29976) to work on /opt/airflow/dags/udac_example_dag.py
[2023-07-22T10:11:37.323+0000] {processor.py:826} INFO - Processing file /opt/airflow/dags/udac_example_dag.py for tasks to queue
[2023-07-22T10:11:37.324+0000] {logging_mixin.py:150} INFO - [2023-07-22T10:11:37.324+0000] {dagbag.py:541} INFO - Filling up the DagBag from /opt/airflow/dags/udac_example_dag.py
[2023-07-22T10:11:37.526+0000] {processor.py:836} INFO - DAG(s) dict_keys(['udac_example_dag']) retrieved from /opt/airflow/dags/udac_example_dag.py
[2023-07-22T10:11:37.554+0000] {logging_mixin.py:150} INFO - [2023-07-22T10:11:37.553+0000] {dag.py:2742} INFO - Sync 1 DAGs
[2023-07-22T10:11:37.582+0000] {logging_mixin.py:150} INFO - [2023-07-22T10:11:37.582+0000] {dag.py:3508} INFO - Setting next_dagrun for udac_example_dag to 2023-07-22T10:00:00+00:00, run_after=2023-07-22T11:00:00+00:00
[2023-07-22T10:11:37.606+0000] {processor.py:179} INFO - Processing /opt/airflow/dags/udac_example_dag.py took 0.287 seconds
[2023-07-22T10:12:07.767+0000] {processor.py:157} INFO - Started process (PID=30042) to work on /opt/airflow/dags/udac_example_dag.py
[2023-07-22T10:12:07.768+0000] {processor.py:826} INFO - Processing file /opt/airflow/dags/udac_example_dag.py for tasks to queue
[2023-07-22T10:12:07.769+0000] {logging_mixin.py:150} INFO - [2023-07-22T10:12:07.769+0000] {dagbag.py:541} INFO - Filling up the DagBag from /opt/airflow/dags/udac_example_dag.py
[2023-07-22T10:12:07.963+0000] {processor.py:836} INFO - DAG(s) dict_keys(['udac_example_dag']) retrieved from /opt/airflow/dags/udac_example_dag.py
[2023-07-22T10:12:07.990+0000] {logging_mixin.py:150} INFO - [2023-07-22T10:12:07.989+0000] {dag.py:2742} INFO - Sync 1 DAGs
[2023-07-22T10:12:08.017+0000] {logging_mixin.py:150} INFO - [2023-07-22T10:12:08.017+0000] {dag.py:3508} INFO - Setting next_dagrun for udac_example_dag to 2023-07-22T10:00:00+00:00, run_after=2023-07-22T11:00:00+00:00
[2023-07-22T10:12:08.044+0000] {processor.py:179} INFO - Processing /opt/airflow/dags/udac_example_dag.py took 0.281 seconds
[2023-07-22T10:12:38.630+0000] {processor.py:157} INFO - Started process (PID=30108) to work on /opt/airflow/dags/udac_example_dag.py
[2023-07-22T10:12:38.631+0000] {processor.py:826} INFO - Processing file /opt/airflow/dags/udac_example_dag.py for tasks to queue
[2023-07-22T10:12:38.632+0000] {logging_mixin.py:150} INFO - [2023-07-22T10:12:38.632+0000] {dagbag.py:541} INFO - Filling up the DagBag from /opt/airflow/dags/udac_example_dag.py
[2023-07-22T10:12:38.854+0000] {processor.py:836} INFO - DAG(s) dict_keys(['udac_example_dag']) retrieved from /opt/airflow/dags/udac_example_dag.py
[2023-07-22T10:12:38.885+0000] {logging_mixin.py:150} INFO - [2023-07-22T10:12:38.885+0000] {dag.py:2742} INFO - Sync 1 DAGs
[2023-07-22T10:12:38.916+0000] {logging_mixin.py:150} INFO - [2023-07-22T10:12:38.916+0000] {dag.py:3508} INFO - Setting next_dagrun for udac_example_dag to 2023-07-22T10:00:00+00:00, run_after=2023-07-22T11:00:00+00:00
[2023-07-22T10:12:38.947+0000] {processor.py:179} INFO - Processing /opt/airflow/dags/udac_example_dag.py took 0.320 seconds
[2023-07-22T10:13:09.906+0000] {processor.py:157} INFO - Started process (PID=30174) to work on /opt/airflow/dags/udac_example_dag.py
[2023-07-22T10:13:09.907+0000] {processor.py:826} INFO - Processing file /opt/airflow/dags/udac_example_dag.py for tasks to queue
[2023-07-22T10:13:09.908+0000] {logging_mixin.py:150} INFO - [2023-07-22T10:13:09.908+0000] {dagbag.py:541} INFO - Filling up the DagBag from /opt/airflow/dags/udac_example_dag.py
[2023-07-22T10:13:10.078+0000] {processor.py:836} INFO - DAG(s) dict_keys(['udac_example_dag']) retrieved from /opt/airflow/dags/udac_example_dag.py
[2023-07-22T10:13:10.111+0000] {logging_mixin.py:150} INFO - [2023-07-22T10:13:10.110+0000] {dag.py:2742} INFO - Sync 1 DAGs
[2023-07-22T10:13:10.135+0000] {logging_mixin.py:150} INFO - [2023-07-22T10:13:10.134+0000] {dag.py:3508} INFO - Setting next_dagrun for udac_example_dag to 2023-07-22T10:00:00+00:00, run_after=2023-07-22T11:00:00+00:00
[2023-07-22T10:13:10.157+0000] {processor.py:179} INFO - Processing /opt/airflow/dags/udac_example_dag.py took 0.254 seconds
[2023-07-22T10:13:40.310+0000] {processor.py:157} INFO - Started process (PID=30239) to work on /opt/airflow/dags/udac_example_dag.py
[2023-07-22T10:13:40.311+0000] {processor.py:826} INFO - Processing file /opt/airflow/dags/udac_example_dag.py for tasks to queue
[2023-07-22T10:13:40.312+0000] {logging_mixin.py:150} INFO - [2023-07-22T10:13:40.311+0000] {dagbag.py:541} INFO - Filling up the DagBag from /opt/airflow/dags/udac_example_dag.py
[2023-07-22T10:13:40.521+0000] {processor.py:836} INFO - DAG(s) dict_keys(['udac_example_dag']) retrieved from /opt/airflow/dags/udac_example_dag.py
[2023-07-22T10:13:40.550+0000] {logging_mixin.py:150} INFO - [2023-07-22T10:13:40.550+0000] {dag.py:2742} INFO - Sync 1 DAGs
[2023-07-22T10:13:40.583+0000] {logging_mixin.py:150} INFO - [2023-07-22T10:13:40.583+0000] {dag.py:3508} INFO - Setting next_dagrun for udac_example_dag to 2023-07-22T10:00:00+00:00, run_after=2023-07-22T11:00:00+00:00
[2023-07-22T10:13:40.613+0000] {processor.py:179} INFO - Processing /opt/airflow/dags/udac_example_dag.py took 0.307 seconds
[2023-07-22T10:14:10.800+0000] {processor.py:157} INFO - Started process (PID=30306) to work on /opt/airflow/dags/udac_example_dag.py
[2023-07-22T10:14:10.801+0000] {processor.py:826} INFO - Processing file /opt/airflow/dags/udac_example_dag.py for tasks to queue
[2023-07-22T10:14:10.802+0000] {logging_mixin.py:150} INFO - [2023-07-22T10:14:10.802+0000] {dagbag.py:541} INFO - Filling up the DagBag from /opt/airflow/dags/udac_example_dag.py
[2023-07-22T10:14:11.014+0000] {processor.py:836} INFO - DAG(s) dict_keys(['udac_example_dag']) retrieved from /opt/airflow/dags/udac_example_dag.py
[2023-07-22T10:14:11.046+0000] {logging_mixin.py:150} INFO - [2023-07-22T10:14:11.046+0000] {dag.py:2742} INFO - Sync 1 DAGs
[2023-07-22T10:14:11.088+0000] {logging_mixin.py:150} INFO - [2023-07-22T10:14:11.087+0000] {dag.py:3508} INFO - Setting next_dagrun for udac_example_dag to 2023-07-22T10:00:00+00:00, run_after=2023-07-22T11:00:00+00:00
[2023-07-22T10:14:11.126+0000] {processor.py:179} INFO - Processing /opt/airflow/dags/udac_example_dag.py took 0.330 seconds
[2023-07-22T10:14:41.182+0000] {processor.py:157} INFO - Started process (PID=30371) to work on /opt/airflow/dags/udac_example_dag.py
[2023-07-22T10:14:41.183+0000] {processor.py:826} INFO - Processing file /opt/airflow/dags/udac_example_dag.py for tasks to queue
[2023-07-22T10:14:41.184+0000] {logging_mixin.py:150} INFO - [2023-07-22T10:14:41.184+0000] {dagbag.py:541} INFO - Filling up the DagBag from /opt/airflow/dags/udac_example_dag.py
[2023-07-22T10:14:41.360+0000] {processor.py:836} INFO - DAG(s) dict_keys(['udac_example_dag']) retrieved from /opt/airflow/dags/udac_example_dag.py
[2023-07-22T10:14:41.384+0000] {logging_mixin.py:150} INFO - [2023-07-22T10:14:41.384+0000] {dag.py:2742} INFO - Sync 1 DAGs
[2023-07-22T10:14:41.404+0000] {logging_mixin.py:150} INFO - [2023-07-22T10:14:41.404+0000] {dag.py:3508} INFO - Setting next_dagrun for udac_example_dag to 2023-07-22T10:00:00+00:00, run_after=2023-07-22T11:00:00+00:00
[2023-07-22T10:14:41.427+0000] {processor.py:179} INFO - Processing /opt/airflow/dags/udac_example_dag.py took 0.247 seconds
[2023-07-22T10:15:11.652+0000] {processor.py:157} INFO - Started process (PID=30437) to work on /opt/airflow/dags/udac_example_dag.py
[2023-07-22T10:15:11.653+0000] {processor.py:826} INFO - Processing file /opt/airflow/dags/udac_example_dag.py for tasks to queue
[2023-07-22T10:15:11.654+0000] {logging_mixin.py:150} INFO - [2023-07-22T10:15:11.653+0000] {dagbag.py:541} INFO - Filling up the DagBag from /opt/airflow/dags/udac_example_dag.py
[2023-07-22T10:15:11.825+0000] {processor.py:836} INFO - DAG(s) dict_keys(['udac_example_dag']) retrieved from /opt/airflow/dags/udac_example_dag.py
[2023-07-22T10:15:11.852+0000] {logging_mixin.py:150} INFO - [2023-07-22T10:15:11.851+0000] {dag.py:2742} INFO - Sync 1 DAGs
[2023-07-22T10:15:11.877+0000] {logging_mixin.py:150} INFO - [2023-07-22T10:15:11.876+0000] {dag.py:3508} INFO - Setting next_dagrun for udac_example_dag to 2023-07-22T10:00:00+00:00, run_after=2023-07-22T11:00:00+00:00
[2023-07-22T10:15:11.894+0000] {processor.py:179} INFO - Processing /opt/airflow/dags/udac_example_dag.py took 0.245 seconds
[2023-07-22T10:15:42.098+0000] {processor.py:157} INFO - Started process (PID=30503) to work on /opt/airflow/dags/udac_example_dag.py
[2023-07-22T10:15:42.099+0000] {processor.py:826} INFO - Processing file /opt/airflow/dags/udac_example_dag.py for tasks to queue
[2023-07-22T10:15:42.101+0000] {logging_mixin.py:150} INFO - [2023-07-22T10:15:42.100+0000] {dagbag.py:541} INFO - Filling up the DagBag from /opt/airflow/dags/udac_example_dag.py
[2023-07-22T10:15:42.269+0000] {processor.py:836} INFO - DAG(s) dict_keys(['udac_example_dag']) retrieved from /opt/airflow/dags/udac_example_dag.py
[2023-07-22T10:15:42.289+0000] {logging_mixin.py:150} INFO - [2023-07-22T10:15:42.289+0000] {dag.py:2742} INFO - Sync 1 DAGs
[2023-07-22T10:15:42.309+0000] {logging_mixin.py:150} INFO - [2023-07-22T10:15:42.309+0000] {dag.py:3508} INFO - Setting next_dagrun for udac_example_dag to 2023-07-22T10:00:00+00:00, run_after=2023-07-22T11:00:00+00:00
[2023-07-22T10:15:42.329+0000] {processor.py:179} INFO - Processing /opt/airflow/dags/udac_example_dag.py took 0.234 seconds
[2023-07-22T10:16:12.415+0000] {processor.py:157} INFO - Started process (PID=30569) to work on /opt/airflow/dags/udac_example_dag.py
[2023-07-22T10:16:12.416+0000] {processor.py:826} INFO - Processing file /opt/airflow/dags/udac_example_dag.py for tasks to queue
[2023-07-22T10:16:12.417+0000] {logging_mixin.py:150} INFO - [2023-07-22T10:16:12.417+0000] {dagbag.py:541} INFO - Filling up the DagBag from /opt/airflow/dags/udac_example_dag.py
[2023-07-22T10:16:12.624+0000] {processor.py:836} INFO - DAG(s) dict_keys(['udac_example_dag']) retrieved from /opt/airflow/dags/udac_example_dag.py
[2023-07-22T10:16:12.654+0000] {logging_mixin.py:150} INFO - [2023-07-22T10:16:12.653+0000] {dag.py:2742} INFO - Sync 1 DAGs
[2023-07-22T10:16:12.682+0000] {logging_mixin.py:150} INFO - [2023-07-22T10:16:12.682+0000] {dag.py:3508} INFO - Setting next_dagrun for udac_example_dag to 2023-07-22T10:00:00+00:00, run_after=2023-07-22T11:00:00+00:00
[2023-07-22T10:16:12.708+0000] {processor.py:179} INFO - Processing /opt/airflow/dags/udac_example_dag.py took 0.296 seconds
[2023-07-22T10:16:42.792+0000] {processor.py:157} INFO - Started process (PID=30636) to work on /opt/airflow/dags/udac_example_dag.py
[2023-07-22T10:16:42.792+0000] {processor.py:826} INFO - Processing file /opt/airflow/dags/udac_example_dag.py for tasks to queue
[2023-07-22T10:16:42.793+0000] {logging_mixin.py:150} INFO - [2023-07-22T10:16:42.793+0000] {dagbag.py:541} INFO - Filling up the DagBag from /opt/airflow/dags/udac_example_dag.py
[2023-07-22T10:16:42.984+0000] {processor.py:836} INFO - DAG(s) dict_keys(['udac_example_dag']) retrieved from /opt/airflow/dags/udac_example_dag.py
[2023-07-22T10:16:43.006+0000] {logging_mixin.py:150} INFO - [2023-07-22T10:16:43.005+0000] {dag.py:2742} INFO - Sync 1 DAGs
[2023-07-22T10:16:43.028+0000] {logging_mixin.py:150} INFO - [2023-07-22T10:16:43.028+0000] {dag.py:3508} INFO - Setting next_dagrun for udac_example_dag to 2023-07-22T10:00:00+00:00, run_after=2023-07-22T11:00:00+00:00
[2023-07-22T10:16:43.046+0000] {processor.py:179} INFO - Processing /opt/airflow/dags/udac_example_dag.py took 0.257 seconds
[2023-07-22T10:17:13.165+0000] {processor.py:157} INFO - Started process (PID=30704) to work on /opt/airflow/dags/udac_example_dag.py
[2023-07-22T10:17:13.166+0000] {processor.py:826} INFO - Processing file /opt/airflow/dags/udac_example_dag.py for tasks to queue
[2023-07-22T10:17:13.167+0000] {logging_mixin.py:150} INFO - [2023-07-22T10:17:13.167+0000] {dagbag.py:541} INFO - Filling up the DagBag from /opt/airflow/dags/udac_example_dag.py
[2023-07-22T10:17:13.305+0000] {processor.py:836} INFO - DAG(s) dict_keys(['udac_example_dag']) retrieved from /opt/airflow/dags/udac_example_dag.py
[2023-07-22T10:17:13.323+0000] {logging_mixin.py:150} INFO - [2023-07-22T10:17:13.323+0000] {dag.py:2742} INFO - Sync 1 DAGs
[2023-07-22T10:17:13.341+0000] {logging_mixin.py:150} INFO - [2023-07-22T10:17:13.341+0000] {dag.py:3508} INFO - Setting next_dagrun for udac_example_dag to 2023-07-22T10:00:00+00:00, run_after=2023-07-22T11:00:00+00:00
[2023-07-22T10:17:13.362+0000] {processor.py:179} INFO - Processing /opt/airflow/dags/udac_example_dag.py took 0.199 seconds
[2023-07-22T10:17:43.751+0000] {processor.py:157} INFO - Started process (PID=30767) to work on /opt/airflow/dags/udac_example_dag.py
[2023-07-22T10:17:43.752+0000] {processor.py:826} INFO - Processing file /opt/airflow/dags/udac_example_dag.py for tasks to queue
[2023-07-22T10:17:43.753+0000] {logging_mixin.py:150} INFO - [2023-07-22T10:17:43.753+0000] {dagbag.py:541} INFO - Filling up the DagBag from /opt/airflow/dags/udac_example_dag.py
[2023-07-22T10:17:44.038+0000] {processor.py:836} INFO - DAG(s) dict_keys(['udac_example_dag']) retrieved from /opt/airflow/dags/udac_example_dag.py
[2023-07-22T10:17:44.078+0000] {logging_mixin.py:150} INFO - [2023-07-22T10:17:44.077+0000] {dag.py:2742} INFO - Sync 1 DAGs
[2023-07-22T10:17:44.116+0000] {logging_mixin.py:150} INFO - [2023-07-22T10:17:44.116+0000] {dag.py:3508} INFO - Setting next_dagrun for udac_example_dag to 2023-07-22T10:00:00+00:00, run_after=2023-07-22T11:00:00+00:00
[2023-07-22T10:17:44.152+0000] {processor.py:179} INFO - Processing /opt/airflow/dags/udac_example_dag.py took 0.405 seconds
